{"meta": {"format": 3, "version": "7.13.1", "timestamp": "2026-01-14T09:30:49.430582", "branch_coverage": false, "show_contexts": false}, "files": {"src/pdfsigner/__init__.py": {"executed_lines": [9, 10, 12, 14], "summary": {"covered_lines": 4, "num_statements": 4, "percent_covered": 100.0, "percent_covered_display": "100", "missing_lines": 0, "excluded_lines": 0, "percent_statements_covered": 100.0, "percent_statements_covered_display": "100"}, "missing_lines": [], "excluded_lines": [], "functions": {"": {"executed_lines": [9, 10, 12, 14], "summary": {"covered_lines": 4, "num_statements": 4, "percent_covered": 100.0, "percent_covered_display": "100", "missing_lines": 0, "excluded_lines": 0, "percent_statements_covered": 100.0, "percent_statements_covered_display": "100"}, "missing_lines": [], "excluded_lines": [], "start_line": 1}}, "classes": {"": {"executed_lines": [9, 10, 12, 14], "summary": {"covered_lines": 4, "num_statements": 4, "percent_covered": 100.0, "percent_covered_display": "100", "missing_lines": 0, "excluded_lines": 0, "percent_statements_covered": 100.0, "percent_statements_covered_display": "100"}, "missing_lines": [], "excluded_lines": [], "start_line": 1}}}, "src/pdfsigner/cli/__init__.py": {"executed_lines": [9, 10, 11, 13], "summary": {"covered_lines": 4, "num_statements": 4, "percent_covered": 100.0, "percent_covered_display": "100", "missing_lines": 0, "excluded_lines": 0, "percent_statements_covered": 100.0, "percent_statements_covered_display": "100"}, "missing_lines": [], "excluded_lines": [], "functions": {"": {"executed_lines": [9, 10, 11, 13], "summary": {"covered_lines": 4, "num_statements": 4, "percent_covered": 100.0, "percent_covered_display": "100", "missing_lines": 0, "excluded_lines": 0, "percent_statements_covered": 100.0, "percent_statements_covered_display": "100"}, "missing_lines": [], "excluded_lines": [], "start_line": 1}}, "classes": {"": {"executed_lines": [9, 10, 11, 13], "summary": {"covered_lines": 4, "num_statements": 4, "percent_covered": 100.0, "percent_covered_display": "100", "missing_lines": 0, "excluded_lines": 0, "percent_statements_covered": 100.0, "percent_statements_covered_display": "100"}, "missing_lines": [], "excluded_lines": [], "start_line": 1}}}, "src/pdfsigner/cli/list_certs.py": {"executed_lines": [9, 11, 13, 14, 15, 16, 19], "summary": {"covered_lines": 7, "num_statements": 33, "percent_covered": 21.21212121212121, "percent_covered_display": "21", "missing_lines": 26, "excluded_lines": 0, "percent_statements_covered": 21.21212121212121, "percent_statements_covered_display": "21"}, "missing_lines": [21, 22, 23, 25, 26, 27, 28, 30, 31, 33, 34, 36, 37, 39, 40, 41, 42, 43, 44, 45, 46, 48, 49, 51, 52, 53], "excluded_lines": [], "functions": {"cmd_list_certs": {"executed_lines": [], "summary": {"covered_lines": 0, "num_statements": 26, "percent_covered": 0.0, "percent_covered_display": "0", "missing_lines": 26, "excluded_lines": 0, "percent_statements_covered": 0.0, "percent_statements_covered_display": "0"}, "missing_lines": [21, 22, 23, 25, 26, 27, 28, 30, 31, 33, 34, 36, 37, 39, 40, 41, 42, 43, 44, 45, 46, 48, 49, 51, 52, 53], "excluded_lines": [], "start_line": 19}, "": {"executed_lines": [9, 11, 13, 14, 15, 16, 19], "summary": {"covered_lines": 7, "num_statements": 7, "percent_covered": 100.0, "percent_covered_display": "100", "missing_lines": 0, "excluded_lines": 0, "percent_statements_covered": 100.0, "percent_statements_covered_display": "100"}, "missing_lines": [], "excluded_lines": [], "start_line": 1}}, "classes": {"": {"executed_lines": [9, 11, 13, 14, 15, 16, 19], "summary": {"covered_lines": 7, "num_statements": 33, "percent_covered": 21.21212121212121, "percent_covered_display": "21", "missing_lines": 26, "excluded_lines": 0, "percent_statements_covered": 21.21212121212121, "percent_statements_covered_display": "21"}, "missing_lines": [21, 22, 23, 25, 26, 27, 28, 30, 31, 33, 34, 36, 37, 39, 40, 41, 42, 43, 44, 45, 46, 48, 49, 51, 52, 53], "excluded_lines": [], "start_line": 1}}}, "src/pdfsigner/cli/sign.py": {"executed_lines": [10, 11, 13, 15, 16, 17, 18, 19, 20, 21, 22, 25, 28, 31, 34, 36, 37, 39, 40, 41, 61, 122, 197], "summary": {"covered_lines": 23, "num_statements": 131, "percent_covered": 17.557251908396946, "percent_covered_display": "18", "missing_lines": 108, "excluded_lines": 0, "percent_statements_covered": 17.557251908396946, "percent_statements_covered_display": "18"}, "missing_lines": [43, 46, 48, 49, 51, 53, 54, 55, 56, 57, 58, 63, 65, 66, 67, 68, 69, 71, 72, 73, 75, 76, 77, 79, 80, 81, 82, 84, 85, 86, 88, 89, 91, 92, 93, 94, 95, 97, 98, 105, 107, 109, 110, 111, 112, 113, 114, 116, 117, 118, 119, 124, 125, 126, 128, 129, 130, 131, 133, 134, 136, 137, 138, 140, 141, 143, 144, 145, 146, 147, 148, 149, 151, 152, 153, 154, 155, 157, 158, 160, 161, 162, 163, 164, 166, 167, 169, 171, 172, 173, 174, 176, 177, 183, 185, 187, 188, 189, 191, 192, 193, 194, 199, 200, 201, 202, 203, 204], "excluded_lines": [], "functions": {"set_dry_run_mode": {"executed_lines": [31], "summary": {"covered_lines": 1, "num_statements": 1, "percent_covered": 100.0, "percent_covered_display": "100", "missing_lines": 0, "excluded_lines": 0, "percent_statements_covered": 100.0, "percent_statements_covered_display": "100"}, "missing_lines": [], "excluded_lines": [], "start_line": 28}, "cmd_sign": {"executed_lines": [36, 37, 39, 40, 41], "summary": {"covered_lines": 5, "num_statements": 16, "percent_covered": 31.25, "percent_covered_display": "31", "missing_lines": 11, "excluded_lines": 0, "percent_statements_covered": 31.25, "percent_statements_covered_display": "31"}, "missing_lines": [43, 46, 48, 49, 51, 53, 54, 55, 56, 57, 58], "excluded_lines": [], "start_line": 34}, "_sign_dry_run": {"executed_lines": [], "summary": {"covered_lines": 0, "num_statements": 36, "percent_covered": 0.0, "percent_covered_display": "0", "missing_lines": 36, "excluded_lines": 0, "percent_statements_covered": 0.0, "percent_statements_covered_display": "0"}, "missing_lines": [63, 65, 66, 67, 68, 69, 71, 72, 73, 75, 76, 77, 79, 80, 81, 82, 84, 85, 86, 88, 89, 91, 97, 98, 105, 107, 109, 110, 111, 112, 113, 114, 116, 117, 118, 119], "excluded_lines": [], "start_line": 61}, "_sign_dry_run.progress_callback": {"executed_lines": [], "summary": {"covered_lines": 0, "num_statements": 4, "percent_covered": 0.0, "percent_covered_display": "0", "missing_lines": 4, "excluded_lines": 0, "percent_statements_covered": 0.0, "percent_statements_covered_display": "0"}, "missing_lines": [92, 93, 94, 95], "excluded_lines": [], "start_line": 91}, "_sign_real": {"executed_lines": [], "summary": {"covered_lines": 0, "num_statements": 48, "percent_covered": 0.0, "percent_covered_display": "0", "missing_lines": 48, "excluded_lines": 0, "percent_statements_covered": 0.0, "percent_statements_covered_display": "0"}, "missing_lines": [124, 125, 126, 128, 129, 130, 131, 133, 134, 136, 137, 138, 140, 141, 143, 144, 145, 146, 147, 148, 149, 151, 152, 153, 154, 155, 157, 158, 160, 161, 162, 163, 164, 166, 167, 169, 171, 176, 177, 183, 185, 187, 188, 189, 191, 192, 193, 194], "excluded_lines": [], "start_line": 122}, "_sign_real.progress_callback": {"executed_lines": [], "summary": {"covered_lines": 0, "num_statements": 3, "percent_covered": 0.0, "percent_covered_display": "0", "missing_lines": 3, "excluded_lines": 0, "percent_statements_covered": 0.0, "percent_statements_covered_display": "0"}, "missing_lines": [172, 173, 174], "excluded_lines": [], "start_line": 171}, "_parse_page": {"executed_lines": [], "summary": {"covered_lines": 0, "num_statements": 6, "percent_covered": 0.0, "percent_covered_display": "0", "missing_lines": 6, "excluded_lines": 0, "percent_statements_covered": 0.0, "percent_statements_covered_display": "0"}, "missing_lines": [199, 200, 201, 202, 203, 204], "excluded_lines": [], "start_line": 197}, "": {"executed_lines": [10, 11, 13, 15, 16, 17, 18, 19, 20, 21, 22, 25, 28, 34, 61, 122, 197], "summary": {"covered_lines": 17, "num_statements": 17, "percent_covered": 100.0, "percent_covered_display": "100", "missing_lines": 0, "excluded_lines": 0, "percent_statements_covered": 100.0, "percent_statements_covered_display": "100"}, "missing_lines": [], "excluded_lines": [], "start_line": 1}}, "classes": {"": {"executed_lines": [10, 11, 13, 15, 16, 17, 18, 19, 20, 21, 22, 25, 28, 31, 34, 36, 37, 39, 40, 41, 61, 122, 197], "summary": {"covered_lines": 23, "num_statements": 131, "percent_covered": 17.557251908396946, "percent_covered_display": "18", "missing_lines": 108, "excluded_lines": 0, "percent_statements_covered": 17.557251908396946, "percent_statements_covered_display": "18"}, "missing_lines": [43, 46, 48, 49, 51, 53, 54, 55, 56, 57, 58, 63, 65, 66, 67, 68, 69, 71, 72, 73, 75, 76, 77, 79, 80, 81, 82, 84, 85, 86, 88, 89, 91, 92, 93, 94, 95, 97, 98, 105, 107, 109, 110, 111, 112, 113, 114, 116, 117, 118, 119, 124, 125, 126, 128, 129, 130, 131, 133, 134, 136, 137, 138, 140, 141, 143, 144, 145, 146, 147, 148, 149, 151, 152, 153, 154, 155, 157, 158, 160, 161, 162, 163, 164, 166, 167, 169, 171, 172, 173, 174, 176, 177, 183, 185, 187, 188, 189, 191, 192, 193, 194, 199, 200, 201, 202, 203, 204], "excluded_lines": [], "start_line": 1}}}, "src/pdfsigner/cli/utils.py": {"executed_lines": [9, 10, 12, 15, 20, 31, 33, 34, 39, 45, 47], "summary": {"covered_lines": 11, "num_statements": 19, "percent_covered": 57.89473684210526, "percent_covered_display": "58", "missing_lines": 8, "excluded_lines": 0, "percent_statements_covered": 57.89473684210526, "percent_statements_covered_display": "58"}, "missing_lines": [17, 35, 36, 38, 40, 41, 42, 43], "excluded_lines": [], "functions": {"get_pin_from_user": {"executed_lines": [], "summary": {"covered_lines": 0, "num_statements": 1, "percent_covered": 0.0, "percent_covered_display": "0", "missing_lines": 1, "excluded_lines": 0, "percent_statements_covered": 0.0, "percent_statements_covered_display": "0"}, "missing_lines": [17], "excluded_lines": [], "start_line": 15}, "collect_pdf_files": {"executed_lines": [31, 33, 34, 39, 45, 47], "summary": {"covered_lines": 6, "num_statements": 13, "percent_covered": 46.15384615384615, "percent_covered_display": "46", "missing_lines": 7, "excluded_lines": 0, "percent_statements_covered": 46.15384615384615, "percent_statements_covered_display": "46"}, "missing_lines": [35, 36, 38, 40, 41, 42, 43], "excluded_lines": [], "start_line": 20}, "": {"executed_lines": [9, 10, 12, 15, 20], "summary": {"covered_lines": 5, "num_statements": 5, "percent_covered": 100.0, "percent_covered_display": "100", "missing_lines": 0, "excluded_lines": 0, "percent_statements_covered": 100.0, "percent_statements_covered_display": "100"}, "missing_lines": [], "excluded_lines": [], "start_line": 1}}, "classes": {"": {"executed_lines": [9, 10, 12, 15, 20, 31, 33, 34, 39, 45, 47], "summary": {"covered_lines": 11, "num_statements": 19, "percent_covered": 57.89473684210526, "percent_covered_display": "58", "missing_lines": 8, "excluded_lines": 0, "percent_statements_covered": 57.89473684210526, "percent_statements_covered_display": "58"}, "missing_lines": [17, 35, 36, 38, 40, 41, 42, 43], "excluded_lines": [], "start_line": 1}}}, "src/pdfsigner/cli/validate.py": {"executed_lines": [9, 11, 13, 14, 17], "summary": {"covered_lines": 5, "num_statements": 35, "percent_covered": 14.285714285714286, "percent_covered_display": "14", "missing_lines": 30, "excluded_lines": 0, "percent_statements_covered": 14.285714285714286, "percent_statements_covered_display": "14"}, "missing_lines": [19, 21, 22, 23, 25, 26, 27, 29, 30, 32, 33, 34, 35, 37, 38, 39, 41, 43, 44, 46, 47, 50, 51, 52, 53, 54, 55, 56, 58, 59], "excluded_lines": [], "functions": {"cmd_validate": {"executed_lines": [], "summary": {"covered_lines": 0, "num_statements": 30, "percent_covered": 0.0, "percent_covered_display": "0", "missing_lines": 30, "excluded_lines": 0, "percent_statements_covered": 0.0, "percent_statements_covered_display": "0"}, "missing_lines": [19, 21, 22, 23, 25, 26, 27, 29, 30, 32, 33, 34, 35, 37, 38, 39, 41, 43, 44, 46, 47, 50, 51, 52, 53, 54, 55, 56, 58, 59], "excluded_lines": [], "start_line": 17}, "": {"executed_lines": [9, 11, 13, 14, 17], "summary": {"covered_lines": 5, "num_statements": 5, "percent_covered": 100.0, "percent_covered_display": "100", "missing_lines": 0, "excluded_lines": 0, "percent_statements_covered": 100.0, "percent_statements_covered_display": "100"}, "missing_lines": [], "excluded_lines": [], "start_line": 1}}, "classes": {"": {"executed_lines": [9, 11, 13, 14, 17], "summary": {"covered_lines": 5, "num_statements": 35, "percent_covered": 14.285714285714286, "percent_covered_display": "14", "missing_lines": 30, "excluded_lines": 0, "percent_statements_covered": 14.285714285714286, "percent_statements_covered_display": "14"}, "missing_lines": [19, 21, 22, 23, 25, 26, 27, 29, 30, 32, 33, 34, 35, 37, 38, 39, 41, 43, 44, 46, 47, 50, 51, 52, 53, 54, 55, 56, 58, 59], "excluded_lines": [], "start_line": 1}}}, "src/pdfsigner/config/__init__.py": {"executed_lines": [], "summary": {"covered_lines": 0, "num_statements": 0, "percent_covered": 100.0, "percent_covered_display": "100", "missing_lines": 0, "excluded_lines": 0, "percent_statements_covered": 100.0, "percent_statements_covered_display": "100"}, "missing_lines": [], "excluded_lines": [], "functions": {"": {"executed_lines": [], "summary": {"covered_lines": 0, "num_statements": 0, "percent_covered": 100.0, "percent_covered_display": "100", "missing_lines": 0, "excluded_lines": 0, "percent_statements_covered": 100.0, "percent_statements_covered_display": "100"}, "missing_lines": [], "excluded_lines": [], "start_line": 1}}, "classes": {"": {"executed_lines": [], "summary": {"covered_lines": 0, "num_statements": 0, "percent_covered": 100.0, "percent_covered_display": "100", "missing_lines": 0, "excluded_lines": 0, "percent_statements_covered": 100.0, "percent_statements_covered_display": "100"}, "missing_lines": [], "excluded_lines": [], "start_line": 1}}}, "src/pdfsigner/config/settings.py": {"executed_lines": [11, 12, 14, 15, 18, 21, 24, 30, 31, 40, 43, 52, 58, 62, 66, 72, 76, 82, 88, 92, 98, 104, 108, 114, 118, 126, 131, 132, 133, 135, 137, 139, 140, 141, 143, 145, 149, 152, 155, 156, 157, 160], "summary": {"covered_lines": 42, "num_statements": 46, "percent_covered": 91.30434782608695, "percent_covered_display": "91", "missing_lines": 4, "excluded_lines": 0, "percent_statements_covered": 91.30434782608695, "percent_statements_covered_display": "91"}, "missing_lines": [136, 144, 163, 164], "excluded_lines": [], "functions": {"Settings.settings_customise_sources": {"executed_lines": [40, 43], "summary": {"covered_lines": 2, "num_statements": 2, "percent_covered": 100.0, "percent_covered_display": "100", "missing_lines": 0, "excluded_lines": 0, "percent_statements_covered": 100.0, "percent_statements_covered_display": "100"}, "missing_lines": [], "excluded_lines": [], "start_line": 31}, "Settings.validate_nss_path": {"executed_lines": [135, 137], "summary": {"covered_lines": 2, "num_statements": 3, "percent_covered": 66.66666666666667, "percent_covered_display": "67", "missing_lines": 1, "excluded_lines": 0, "percent_statements_covered": 66.66666666666667, "percent_statements_covered_display": "67"}, "missing_lines": [136], "excluded_lines": [], "start_line": 133}, "Settings.validate_image_path": {"executed_lines": [143, 145], "summary": {"covered_lines": 2, "num_statements": 3, "percent_covered": 66.66666666666667, "percent_covered_display": "67", "missing_lines": 1, "excluded_lines": 0, "percent_statements_covered": 66.66666666666667, "percent_statements_covered_display": "67"}, "missing_lines": [144], "excluded_lines": [], "start_line": 141}, "get_settings": {"executed_lines": [155, 156, 157], "summary": {"covered_lines": 3, "num_statements": 3, "percent_covered": 100.0, "percent_covered_display": "100", "missing_lines": 0, "excluded_lines": 0, "percent_statements_covered": 100.0, "percent_statements_covered_display": "100"}, "missing_lines": [], "excluded_lines": [], "start_line": 152}, "reload_settings": {"executed_lines": [], "summary": {"covered_lines": 0, "num_statements": 2, "percent_covered": 0.0, "percent_covered_display": "0", "missing_lines": 2, "excluded_lines": 0, "percent_statements_covered": 0.0, "percent_statements_covered_display": "0"}, "missing_lines": [163, 164], "excluded_lines": [], "start_line": 160}, "": {"executed_lines": [11, 12, 14, 15, 18, 21, 24, 30, 31, 52, 58, 62, 66, 72, 76, 82, 88, 92, 98, 104, 108, 114, 118, 126, 131, 132, 133, 139, 140, 141, 149, 152, 160], "summary": {"covered_lines": 33, "num_statements": 33, "percent_covered": 100.0, "percent_covered_display": "100", "missing_lines": 0, "excluded_lines": 0, "percent_statements_covered": 100.0, "percent_statements_covered_display": "100"}, "missing_lines": [], "excluded_lines": [], "start_line": 1}}, "classes": {"Settings": {"executed_lines": [40, 43, 135, 137, 143, 145], "summary": {"covered_lines": 6, "num_statements": 8, "percent_covered": 75.0, "percent_covered_display": "75", "missing_lines": 2, "excluded_lines": 0, "percent_statements_covered": 75.0, "percent_statements_covered_display": "75"}, "missing_lines": [136, 144], "excluded_lines": [], "start_line": 21}, "": {"executed_lines": [11, 12, 14, 15, 18, 21, 24, 30, 31, 52, 58, 62, 66, 72, 76, 82, 88, 92, 98, 104, 108, 114, 118, 126, 131, 132, 133, 139, 140, 141, 149, 152, 155, 156, 157, 160], "summary": {"covered_lines": 36, "num_statements": 38, "percent_covered": 94.73684210526316, "percent_covered_display": "95", "missing_lines": 2, "excluded_lines": 0, "percent_statements_covered": 94.73684210526316, "percent_statements_covered_display": "95"}, "missing_lines": [163, 164], "excluded_lines": [], "start_line": 1}}}, "src/pdfsigner/core/__init__.py": {"executed_lines": [7, 8, 10], "summary": {"covered_lines": 3, "num_statements": 3, "percent_covered": 100.0, "percent_covered_display": "100", "missing_lines": 0, "excluded_lines": 0, "percent_statements_covered": 100.0, "percent_statements_covered_display": "100"}, "missing_lines": [], "excluded_lines": [], "functions": {"": {"executed_lines": [7, 8, 10], "summary": {"covered_lines": 3, "num_statements": 3, "percent_covered": 100.0, "percent_covered_display": "100", "missing_lines": 0, "excluded_lines": 0, "percent_statements_covered": 100.0, "percent_statements_covered_display": "100"}, "missing_lines": [], "excluded_lines": [], "start_line": 1}}, "classes": {"": {"executed_lines": [7, 8, 10], "summary": {"covered_lines": 3, "num_statements": 3, "percent_covered": 100.0, "percent_covered_display": "100", "missing_lines": 0, "excluded_lines": 0, "percent_statements_covered": 100.0, "percent_statements_covered_display": "100"}, "missing_lines": [], "excluded_lines": [], "start_line": 1}}}, "src/pdfsigner/core/mock/__init__.py": {"executed_lines": [9, 10, 15, 17], "summary": {"covered_lines": 4, "num_statements": 4, "percent_covered": 100.0, "percent_covered_display": "100", "missing_lines": 0, "excluded_lines": 0, "percent_statements_covered": 100.0, "percent_statements_covered_display": "100"}, "missing_lines": [], "excluded_lines": [], "functions": {"": {"executed_lines": [9, 10, 15, 17], "summary": {"covered_lines": 4, "num_statements": 4, "percent_covered": 100.0, "percent_covered_display": "100", "missing_lines": 0, "excluded_lines": 0, "percent_statements_covered": 100.0, "percent_statements_covered_display": "100"}, "missing_lines": [], "excluded_lines": [], "start_line": 1}}, "classes": {"": {"executed_lines": [9, 10, 15, 17], "summary": {"covered_lines": 4, "num_statements": 4, "percent_covered": 100.0, "percent_covered_display": "100", "missing_lines": 0, "excluded_lines": 0, "percent_statements_covered": 100.0, "percent_statements_covered_display": "100"}, "missing_lines": [], "excluded_lines": [], "start_line": 1}}}, "src/pdfsigner/core/mock/mock_batch.py": {"executed_lines": [10, 11, 12, 14, 16, 19, 20, 23, 24, 25, 26, 27, 29, 30, 34, 35, 40, 41, 44, 45, 46, 47, 49, 54, 62, 64, 65, 66, 68, 100, 102, 106, 113, 114, 115, 116, 118, 119, 120, 122, 123, 126, 137, 139, 141, 142, 150, 151, 154, 179, 181, 189], "summary": {"covered_lines": 52, "num_statements": 75, "percent_covered": 69.33333333333333, "percent_covered_display": "69", "missing_lines": 23, "excluded_lines": 0, "percent_statements_covered": 69.33333333333333, "percent_statements_covered_display": "69"}, "missing_lines": [32, 37, 51, 103, 107, 108, 109, 110, 111, 127, 134, 155, 162, 164, 165, 166, 167, 169, 170, 177, 196, 199, 200], "excluded_lines": [], "functions": {"MockBatchProgress.completed": {"executed_lines": [], "summary": {"covered_lines": 0, "num_statements": 1, "percent_covered": 0.0, "percent_covered_display": "0", "missing_lines": 1, "excluded_lines": 0, "percent_statements_covered": 0.0, "percent_statements_covered_display": "0"}, "missing_lines": [32], "excluded_lines": [], "start_line": 30}, "MockBatchProgress.failed": {"executed_lines": [], "summary": {"covered_lines": 0, "num_statements": 1, "percent_covered": 0.0, "percent_covered_display": "0", "missing_lines": 1, "excluded_lines": 0, "percent_statements_covered": 0.0, "percent_statements_covered_display": "0"}, "missing_lines": [37], "excluded_lines": [], "start_line": 35}, "MockBatchResult.get_failed_files": {"executed_lines": [], "summary": {"covered_lines": 0, "num_statements": 1, "percent_covered": 0.0, "percent_covered_display": "0", "missing_lines": 1, "excluded_lines": 0, "percent_statements_covered": 0.0, "percent_statements_covered_display": "0"}, "missing_lines": [51], "excluded_lines": [], "start_line": 49}, "MockBatchManager.__init__": {"executed_lines": [64, 65, 66], "summary": {"covered_lines": 3, "num_statements": 3, "percent_covered": 100.0, "percent_covered_display": "100", "missing_lines": 0, "excluded_lines": 0, "percent_statements_covered": 100.0, "percent_statements_covered_display": "100"}, "missing_lines": [], "excluded_lines": [], "start_line": 62}, "MockBatchManager.sign_batch": {"executed_lines": [100, 102, 106, 113, 114, 115, 116, 118, 119, 120, 122, 123, 126, 137, 139, 141, 142, 150, 151, 154, 179, 181], "summary": {"covered_lines": 22, "num_statements": 39, "percent_covered": 56.41025641025641, "percent_covered_display": "56", "missing_lines": 17, "excluded_lines": 0, "percent_statements_covered": 56.41025641025641, "percent_statements_covered_display": "56"}, "missing_lines": [103, 107, 108, 109, 110, 111, 127, 134, 155, 162, 164, 165, 166, 167, 169, 170, 177], "excluded_lines": [], "start_line": 68}, "enable_dry_run_mode": {"executed_lines": [], "summary": {"covered_lines": 0, "num_statements": 3, "percent_covered": 0.0, "percent_covered_display": "0", "missing_lines": 3, "excluded_lines": 0, "percent_statements_covered": 0.0, "percent_statements_covered_display": "0"}, "missing_lines": [196, 199, 200], "excluded_lines": [], "start_line": 189}, "": {"executed_lines": [10, 11, 12, 14, 16, 19, 20, 23, 24, 25, 26, 27, 29, 30, 34, 35, 40, 41, 44, 45, 46, 47, 49, 54, 62, 68, 189], "summary": {"covered_lines": 27, "num_statements": 27, "percent_covered": 100.0, "percent_covered_display": "100", "missing_lines": 0, "excluded_lines": 0, "percent_statements_covered": 100.0, "percent_statements_covered_display": "100"}, "missing_lines": [], "excluded_lines": [], "start_line": 1}}, "classes": {"MockBatchProgress": {"executed_lines": [], "summary": {"covered_lines": 0, "num_statements": 2, "percent_covered": 0.0, "percent_covered_display": "0", "missing_lines": 2, "excluded_lines": 0, "percent_statements_covered": 0.0, "percent_statements_covered_display": "0"}, "missing_lines": [32, 37], "excluded_lines": [], "start_line": 20}, "MockBatchResult": {"executed_lines": [], "summary": {"covered_lines": 0, "num_statements": 1, "percent_covered": 0.0, "percent_covered_display": "0", "missing_lines": 1, "excluded_lines": 0, "percent_statements_covered": 0.0, "percent_statements_covered_display": "0"}, "missing_lines": [51], "excluded_lines": [], "start_line": 41}, "MockBatchManager": {"executed_lines": [64, 65, 66, 100, 102, 106, 113, 114, 115, 116, 118, 119, 120, 122, 123, 126, 137, 139, 141, 142, 150, 151, 154, 179, 181], "summary": {"covered_lines": 25, "num_statements": 42, "percent_covered": 59.523809523809526, "percent_covered_display": "60", "missing_lines": 17, "excluded_lines": 0, "percent_statements_covered": 59.523809523809526, "percent_statements_covered_display": "60"}, "missing_lines": [103, 107, 108, 109, 110, 111, 127, 134, 155, 162, 164, 165, 166, 167, 169, 170, 177], "excluded_lines": [], "start_line": 54}, "": {"executed_lines": [10, 11, 12, 14, 16, 19, 20, 23, 24, 25, 26, 27, 29, 30, 34, 35, 40, 41, 44, 45, 46, 47, 49, 54, 62, 68, 189], "summary": {"covered_lines": 27, "num_statements": 30, "percent_covered": 90.0, "percent_covered_display": "90", "missing_lines": 3, "excluded_lines": 0, "percent_statements_covered": 90.0, "percent_statements_covered_display": "90"}, "missing_lines": [196, 199, 200], "excluded_lines": [], "start_line": 1}}}, "src/pdfsigner/core/mock/mock_certificate.py": {"executed_lines": [9, 10, 13, 14, 17, 18, 19, 20, 21, 22, 25, 26, 29, 30, 31, 32, 35], "summary": {"covered_lines": 17, "num_statements": 20, "percent_covered": 85.0, "percent_covered_display": "85", "missing_lines": 3, "excluded_lines": 0, "percent_statements_covered": 85.0, "percent_statements_covered_display": "85"}, "missing_lines": [45, 46, 54], "excluded_lines": [], "functions": {"create_mock_certificate": {"executed_lines": [], "summary": {"covered_lines": 0, "num_statements": 3, "percent_covered": 0.0, "percent_covered_display": "0", "missing_lines": 3, "excluded_lines": 0, "percent_statements_covered": 0.0, "percent_statements_covered_display": "0"}, "missing_lines": [45, 46, 54], "excluded_lines": [], "start_line": 35}, "": {"executed_lines": [9, 10, 13, 14, 17, 18, 19, 20, 21, 22, 25, 26, 29, 30, 31, 32, 35], "summary": {"covered_lines": 17, "num_statements": 17, "percent_covered": 100.0, "percent_covered_display": "100", "missing_lines": 0, "excluded_lines": 0, "percent_statements_covered": 100.0, "percent_statements_covered_display": "100"}, "missing_lines": [], "excluded_lines": [], "start_line": 1}}, "classes": {"MockCertificateInfo": {"executed_lines": [], "summary": {"covered_lines": 0, "num_statements": 0, "percent_covered": 100.0, "percent_covered_display": "100", "missing_lines": 0, "excluded_lines": 0, "percent_statements_covered": 100.0, "percent_statements_covered_display": "100"}, "missing_lines": [], "excluded_lines": [], "start_line": 14}, "MockCertificate": {"executed_lines": [], "summary": {"covered_lines": 0, "num_statements": 0, "percent_covered": 100.0, "percent_covered_display": "100", "missing_lines": 0, "excluded_lines": 0, "percent_statements_covered": 100.0, "percent_statements_covered_display": "100"}, "missing_lines": [], "excluded_lines": [], "start_line": 26}, "": {"executed_lines": [9, 10, 13, 14, 17, 18, 19, 20, 21, 22, 25, 26, 29, 30, 31, 32, 35], "summary": {"covered_lines": 17, "num_statements": 20, "percent_covered": 85.0, "percent_covered_display": "85", "missing_lines": 3, "excluded_lines": 0, "percent_statements_covered": 85.0, "percent_statements_covered_display": "85"}, "missing_lines": [45, 46, 54], "excluded_lines": [], "start_line": 1}}}, "src/pdfsigner/core/mock/mock_nss.py": {"executed_lines": [9, 11, 13, 16, 23, 30, 37, 43, 50, 65, 69, 73, 83], "summary": {"covered_lines": 13, "num_statements": 43, "percent_covered": 30.232558139534884, "percent_covered_display": "30", "missing_lines": 30, "excluded_lines": 0, "percent_statements_covered": 30.232558139534884, "percent_statements_covered_display": "30"}, "missing_lines": [25, 26, 27, 28, 32, 33, 34, 35, 39, 40, 41, 45, 46, 47, 48, 56, 57, 59, 60, 62, 63, 67, 71, 75, 76, 78, 85, 86, 87, 88], "excluded_lines": [], "functions": {"MockNSSHandler.__init__": {"executed_lines": [], "summary": {"covered_lines": 0, "num_statements": 4, "percent_covered": 0.0, "percent_covered_display": "0", "missing_lines": 4, "excluded_lines": 0, "percent_statements_covered": 0.0, "percent_statements_covered_display": "0"}, "missing_lines": [25, 26, 27, 28], "excluded_lines": [], "start_line": 23}, "MockNSSHandler.initialize": {"executed_lines": [], "summary": {"covered_lines": 0, "num_statements": 4, "percent_covered": 0.0, "percent_covered_display": "0", "missing_lines": 4, "excluded_lines": 0, "percent_statements_covered": 0.0, "percent_statements_covered_display": "0"}, "missing_lines": [32, 33, 34, 35], "excluded_lines": [], "start_line": 30}, "MockNSSHandler.get_available_tokens": {"executed_lines": [], "summary": {"covered_lines": 0, "num_statements": 3, "percent_covered": 0.0, "percent_covered_display": "0", "missing_lines": 3, "excluded_lines": 0, "percent_statements_covered": 0.0, "percent_statements_covered_display": "0"}, "missing_lines": [39, 40, 41], "excluded_lines": [], "start_line": 37}, "MockNSSHandler.connect_token": {"executed_lines": [], "summary": {"covered_lines": 0, "num_statements": 4, "percent_covered": 0.0, "percent_covered_display": "0", "missing_lines": 4, "excluded_lines": 0, "percent_statements_covered": 0.0, "percent_statements_covered_display": "0"}, "missing_lines": [45, 46, 47, 48], "excluded_lines": [], "start_line": 43}, "MockNSSHandler.authenticate": {"executed_lines": [], "summary": {"covered_lines": 0, "num_statements": 6, "percent_covered": 0.0, "percent_covered_display": "0", "missing_lines": 6, "excluded_lines": 0, "percent_statements_covered": 0.0, "percent_statements_covered_display": "0"}, "missing_lines": [56, 57, 59, 60, 62, 63], "excluded_lines": [], "start_line": 50}, "MockNSSHandler.login": {"executed_lines": [], "summary": {"covered_lines": 0, "num_statements": 1, "percent_covered": 0.0, "percent_covered_display": "0", "missing_lines": 1, "excluded_lines": 0, "percent_statements_covered": 0.0, "percent_statements_covered_display": "0"}, "missing_lines": [67], "excluded_lines": [], "start_line": 65}, "MockNSSHandler.is_authenticated": {"executed_lines": [], "summary": {"covered_lines": 0, "num_statements": 1, "percent_covered": 0.0, "percent_covered_display": "0", "missing_lines": 1, "excluded_lines": 0, "percent_statements_covered": 0.0, "percent_statements_covered_display": "0"}, "missing_lines": [71], "excluded_lines": [], "start_line": 69}, "MockNSSHandler.get_certificates": {"executed_lines": [], "summary": {"covered_lines": 0, "num_statements": 3, "percent_covered": 0.0, "percent_covered_display": "0", "missing_lines": 3, "excluded_lines": 0, "percent_statements_covered": 0.0, "percent_statements_covered_display": "0"}, "missing_lines": [75, 76, 78], "excluded_lines": [], "start_line": 73}, "MockNSSHandler.close": {"executed_lines": [], "summary": {"covered_lines": 0, "num_statements": 4, "percent_covered": 0.0, "percent_covered_display": "0", "missing_lines": 4, "excluded_lines": 0, "percent_statements_covered": 0.0, "percent_statements_covered_display": "0"}, "missing_lines": [85, 86, 87, 88], "excluded_lines": [], "start_line": 83}, "": {"executed_lines": [9, 11, 13, 16, 23, 30, 37, 43, 50, 65, 69, 73, 83], "summary": {"covered_lines": 13, "num_statements": 13, "percent_covered": 100.0, "percent_covered_display": "100", "missing_lines": 0, "excluded_lines": 0, "percent_statements_covered": 100.0, "percent_statements_covered_display": "100"}, "missing_lines": [], "excluded_lines": [], "start_line": 1}}, "classes": {"MockNSSHandler": {"executed_lines": [], "summary": {"covered_lines": 0, "num_statements": 30, "percent_covered": 0.0, "percent_covered_display": "0", "missing_lines": 30, "excluded_lines": 0, "percent_statements_covered": 0.0, "percent_statements_covered_display": "0"}, "missing_lines": [25, 26, 27, 28, 32, 33, 34, 35, 39, 40, 41, 45, 46, 47, 48, 56, 57, 59, 60, 62, 63, 67, 71, 75, 76, 78, 85, 86, 87, 88], "excluded_lines": [], "start_line": 16}, "": {"executed_lines": [9, 11, 13, 16, 23, 30, 37, 43, 50, 65, 69, 73, 83], "summary": {"covered_lines": 13, "num_statements": 13, "percent_covered": 100.0, "percent_covered_display": "100", "missing_lines": 0, "excluded_lines": 0, "percent_statements_covered": 100.0, "percent_statements_covered_display": "100"}, "missing_lines": [], "excluded_lines": [], "start_line": 1}}}, "src/pdfsigner/core/mock/stamp_simulator.py": {"executed_lines": [9, 10, 11, 13, 14, 17, 28, 29, 31, 32, 34, 35, 37, 38, 41, 42, 43, 44, 45, 46, 48, 49, 50, 51, 52, 55, 80, 99, 100, 103, 120, 122, 123, 124, 126, 127, 129, 131, 132, 133, 135, 137, 139, 147, 148, 149], "summary": {"covered_lines": 46, "num_statements": 46, "percent_covered": 100.0, "percent_covered_display": "100", "missing_lines": 0, "excluded_lines": 0, "percent_statements_covered": 100.0, "percent_statements_covered_display": "100"}, "missing_lines": [], "excluded_lines": [], "functions": {"parse_page_spec": {"executed_lines": [28, 29, 31, 32, 34, 35, 37, 38, 41, 42, 43, 44, 45, 46, 48, 49, 50, 51, 52], "summary": {"covered_lines": 19, "num_statements": 19, "percent_covered": 100.0, "percent_covered_display": "100", "missing_lines": 0, "excluded_lines": 0, "percent_statements_covered": 100.0, "percent_statements_covered_display": "100"}, "missing_lines": [], "excluded_lines": [], "start_line": 17}, "get_stamp_rect": {"executed_lines": [80, 99, 100], "summary": {"covered_lines": 3, "num_statements": 3, "percent_covered": 100.0, "percent_covered_display": "100", "missing_lines": 0, "excluded_lines": 0, "percent_statements_covered": 100.0, "percent_statements_covered_display": "100"}, "missing_lines": [], "excluded_lines": [], "start_line": 55}, "add_stamp_to_pdf": {"executed_lines": [120, 122, 123, 124, 126, 127, 129, 131, 132, 133, 135, 137, 139, 147, 148, 149], "summary": {"covered_lines": 16, "num_statements": 16, "percent_covered": 100.0, "percent_covered_display": "100", "missing_lines": 0, "excluded_lines": 0, "percent_statements_covered": 100.0, "percent_statements_covered_display": "100"}, "missing_lines": [], "excluded_lines": [], "start_line": 103}, "": {"executed_lines": [9, 10, 11, 13, 14, 17, 55, 103], "summary": {"covered_lines": 8, "num_statements": 8, "percent_covered": 100.0, "percent_covered_display": "100", "missing_lines": 0, "excluded_lines": 0, "percent_statements_covered": 100.0, "percent_statements_covered_display": "100"}, "missing_lines": [], "excluded_lines": [], "start_line": 1}}, "classes": {"": {"executed_lines": [9, 10, 11, 13, 14, 17, 28, 29, 31, 32, 34, 35, 37, 38, 41, 42, 43, 44, 45, 46, 48, 49, 50, 51, 52, 55, 80, 99, 100, 103, 120, 122, 123, 124, 126, 127, 129, 131, 132, 133, 135, 137, 139, 147, 148, 149], "summary": {"covered_lines": 46, "num_statements": 46, "percent_covered": 100.0, "percent_covered_display": "100", "missing_lines": 0, "excluded_lines": 0, "percent_statements_covered": 100.0, "percent_statements_covered_display": "100"}, "missing_lines": [], "excluded_lines": [], "start_line": 1}}}, "src/pdfsigner/core/pdf_analyzer/__init__.py": {"executed_lines": [], "summary": {"covered_lines": 0, "num_statements": 0, "percent_covered": 100.0, "percent_covered_display": "100", "missing_lines": 0, "excluded_lines": 0, "percent_statements_covered": 100.0, "percent_statements_covered_display": "100"}, "missing_lines": [], "excluded_lines": [], "functions": {"": {"executed_lines": [], "summary": {"covered_lines": 0, "num_statements": 0, "percent_covered": 100.0, "percent_covered_display": "100", "missing_lines": 0, "excluded_lines": 0, "percent_statements_covered": 100.0, "percent_statements_covered_display": "100"}, "missing_lines": [], "excluded_lines": [], "start_line": 1}}, "classes": {"": {"executed_lines": [], "summary": {"covered_lines": 0, "num_statements": 0, "percent_covered": 100.0, "percent_covered_display": "100", "missing_lines": 0, "excluded_lines": 0, "percent_statements_covered": 100.0, "percent_statements_covered_display": "100"}, "missing_lines": [], "excluded_lines": [], "start_line": 1}}}, "src/pdfsigner/core/pdf_analyzer/content_analyzer.py": {"executed_lines": [10, 11, 13, 14, 17, 18, 21, 22, 23, 24, 26, 27, 29, 31, 32, 34, 36, 38, 42, 44, 47, 48, 51, 52, 53, 54, 55, 56, 58, 59, 61, 64, 72, 79, 80, 82, 84, 85, 87, 89, 90, 91, 93, 95, 96, 98, 100, 101, 103, 104, 106, 108, 110, 120, 121, 123, 124, 127, 128, 129, 130, 131, 137, 140, 141, 156, 157, 163, 170, 179, 191, 194, 202, 203, 206, 208], "summary": {"covered_lines": 76, "num_statements": 97, "percent_covered": 78.35051546391753, "percent_covered_display": "78", "missing_lines": 21, "excluded_lines": 0, "percent_statements_covered": 78.35051546391753, "percent_statements_covered_display": "78"}, "missing_lines": [107, 142, 143, 144, 145, 151, 152, 153, 158, 159, 160, 161, 204, 218, 220, 222, 225, 226, 227, 228, 230], "excluded_lines": [], "functions": {"BoundingBox.width": {"executed_lines": [29], "summary": {"covered_lines": 1, "num_statements": 1, "percent_covered": 100.0, "percent_covered_display": "100", "missing_lines": 0, "excluded_lines": 0, "percent_statements_covered": 100.0, "percent_statements_covered_display": "100"}, "missing_lines": [], "excluded_lines": [], "start_line": 27}, "BoundingBox.height": {"executed_lines": [34], "summary": {"covered_lines": 1, "num_statements": 1, "percent_covered": 100.0, "percent_covered_display": "100", "missing_lines": 0, "excluded_lines": 0, "percent_statements_covered": 100.0, "percent_statements_covered_display": "100"}, "missing_lines": [], "excluded_lines": [], "start_line": 32}, "BoundingBox.intersects": {"executed_lines": [38], "summary": {"covered_lines": 1, "num_statements": 1, "percent_covered": 100.0, "percent_covered_display": "100", "missing_lines": 0, "excluded_lines": 0, "percent_statements_covered": 100.0, "percent_statements_covered_display": "100"}, "missing_lines": [], "excluded_lines": [], "start_line": 36}, "BoundingBox.to_tuple": {"executed_lines": [44], "summary": {"covered_lines": 1, "num_statements": 1, "percent_covered": 100.0, "percent_covered_display": "100", "missing_lines": 0, "excluded_lines": 0, "percent_statements_covered": 100.0, "percent_statements_covered_display": "100"}, "missing_lines": [], "excluded_lines": [], "start_line": 42}, "PageInfo.all_content_blocks": {"executed_lines": [61], "summary": {"covered_lines": 1, "num_statements": 1, "percent_covered": 100.0, "percent_covered_display": "100", "missing_lines": 0, "excluded_lines": 0, "percent_statements_covered": 100.0, "percent_statements_covered_display": "100"}, "missing_lines": [], "excluded_lines": [], "start_line": 59}, "ContentAnalyzer.__init__": {"executed_lines": [79, 80], "summary": {"covered_lines": 2, "num_statements": 2, "percent_covered": 100.0, "percent_covered_display": "100", "missing_lines": 0, "excluded_lines": 0, "percent_statements_covered": 100.0, "percent_statements_covered_display": "100"}, "missing_lines": [], "excluded_lines": [], "start_line": 72}, "ContentAnalyzer.open": {"executed_lines": [84, 85], "summary": {"covered_lines": 2, "num_statements": 2, "percent_covered": 100.0, "percent_covered_display": "100", "missing_lines": 0, "excluded_lines": 0, "percent_statements_covered": 100.0, "percent_statements_covered_display": "100"}, "missing_lines": [], "excluded_lines": [], "start_line": 82}, "ContentAnalyzer.close": {"executed_lines": [89, 90, 91], "summary": {"covered_lines": 3, "num_statements": 3, "percent_covered": 100.0, "percent_covered_display": "100", "missing_lines": 0, "excluded_lines": 0, "percent_statements_covered": 100.0, "percent_statements_covered_display": "100"}, "missing_lines": [], "excluded_lines": [], "start_line": 87}, "ContentAnalyzer.__enter__": {"executed_lines": [95, 96], "summary": {"covered_lines": 2, "num_statements": 2, "percent_covered": 100.0, "percent_covered_display": "100", "missing_lines": 0, "excluded_lines": 0, "percent_statements_covered": 100.0, "percent_statements_covered_display": "100"}, "missing_lines": [], "excluded_lines": [], "start_line": 93}, "ContentAnalyzer.__exit__": {"executed_lines": [100, 101], "summary": {"covered_lines": 2, "num_statements": 2, "percent_covered": 100.0, "percent_covered_display": "100", "missing_lines": 0, "excluded_lines": 0, "percent_statements_covered": 100.0, "percent_statements_covered_display": "100"}, "missing_lines": [], "excluded_lines": [], "start_line": 98}, "ContentAnalyzer.page_count": {"executed_lines": [106, 108], "summary": {"covered_lines": 2, "num_statements": 3, "percent_covered": 66.66666666666667, "percent_covered_display": "67", "missing_lines": 1, "excluded_lines": 0, "percent_statements_covered": 66.66666666666667, "percent_statements_covered_display": "67"}, "missing_lines": [107], "excluded_lines": [], "start_line": 104}, "ContentAnalyzer.analyze_page": {"executed_lines": [120, 121, 123, 124, 127, 128, 129, 130, 131, 137, 140, 141, 156, 157, 163, 170], "summary": {"covered_lines": 16, "num_statements": 27, "percent_covered": 59.25925925925926, "percent_covered_display": "59", "missing_lines": 11, "excluded_lines": 0, "percent_statements_covered": 59.25925925925926, "percent_statements_covered_display": "59"}, "missing_lines": [142, 143, 144, 145, 151, 152, 153, 158, 159, 160, 161], "excluded_lines": [], "start_line": 110}, "ContentAnalyzer.is_area_free": {"executed_lines": [191, 194, 202, 203, 206], "summary": {"covered_lines": 5, "num_statements": 6, "percent_covered": 83.33333333333333, "percent_covered_display": "83", "missing_lines": 1, "excluded_lines": 0, "percent_statements_covered": 83.33333333333333, "percent_statements_covered_display": "83"}, "missing_lines": [204], "excluded_lines": [], "start_line": 179}, "ContentAnalyzer.get_page_margins": {"executed_lines": [], "summary": {"covered_lines": 0, "num_statements": 8, "percent_covered": 0.0, "percent_covered_display": "0", "missing_lines": 8, "excluded_lines": 0, "percent_statements_covered": 0.0, "percent_statements_covered_display": "0"}, "missing_lines": [218, 220, 222, 225, 226, 227, 228, 230], "excluded_lines": [], "start_line": 208}, "": {"executed_lines": [10, 11, 13, 14, 17, 18, 21, 22, 23, 24, 26, 27, 31, 32, 36, 42, 47, 48, 51, 52, 53, 54, 55, 56, 58, 59, 64, 72, 82, 87, 93, 98, 103, 104, 110, 179, 208], "summary": {"covered_lines": 37, "num_statements": 37, "percent_covered": 100.0, "percent_covered_display": "100", "missing_lines": 0, "excluded_lines": 0, "percent_statements_covered": 100.0, "percent_statements_covered_display": "100"}, "missing_lines": [], "excluded_lines": [], "start_line": 1}}, "classes": {"BoundingBox": {"executed_lines": [29, 34, 38, 44], "summary": {"covered_lines": 4, "num_statements": 4, "percent_covered": 100.0, "percent_covered_display": "100", "missing_lines": 0, "excluded_lines": 0, "percent_statements_covered": 100.0, "percent_statements_covered_display": "100"}, "missing_lines": [], "excluded_lines": [], "start_line": 18}, "PageInfo": {"executed_lines": [61], "summary": {"covered_lines": 1, "num_statements": 1, "percent_covered": 100.0, "percent_covered_display": "100", "missing_lines": 0, "excluded_lines": 0, "percent_statements_covered": 100.0, "percent_statements_covered_display": "100"}, "missing_lines": [], "excluded_lines": [], "start_line": 48}, "ContentAnalyzer": {"executed_lines": [79, 80, 84, 85, 89, 90, 91, 95, 96, 100, 101, 106, 108, 120, 121, 123, 124, 127, 128, 129, 130, 131, 137, 140, 141, 156, 157, 163, 170, 191, 194, 202, 203, 206], "summary": {"covered_lines": 34, "num_statements": 55, "percent_covered": 61.81818181818182, "percent_covered_display": "62", "missing_lines": 21, "excluded_lines": 0, "percent_statements_covered": 61.81818181818182, "percent_statements_covered_display": "62"}, "missing_lines": [107, 142, 143, 144, 145, 151, 152, 153, 158, 159, 160, 161, 204, 218, 220, 222, 225, 226, 227, 228, 230], "excluded_lines": [], "start_line": 64}, "": {"executed_lines": [10, 11, 13, 14, 17, 18, 21, 22, 23, 24, 26, 27, 31, 32, 36, 42, 47, 48, 51, 52, 53, 54, 55, 56, 58, 59, 64, 72, 82, 87, 93, 98, 103, 104, 110, 179, 208], "summary": {"covered_lines": 37, "num_statements": 37, "percent_covered": 100.0, "percent_covered_display": "100", "missing_lines": 0, "excluded_lines": 0, "percent_statements_covered": 100.0, "percent_statements_covered_display": "100"}, "missing_lines": [], "excluded_lines": [], "start_line": 1}}}, "src/pdfsigner/core/pdf_analyzer/position_finder.py": {"executed_lines": [10, 11, 13, 15, 22, 25, 26, 27, 28, 29, 30, 33, 34, 37, 38, 39, 40, 41, 42, 44, 45, 47, 55, 64, 67, 70, 72, 79, 81, 100, 103, 104, 105, 106, 107, 110, 111, 112, 113, 119, 131, 132, 135, 143, 145, 154, 156, 163, 164, 167, 169, 177, 178, 181, 182, 184, 188, 189, 192, 193, 194, 195, 197, 206, 207, 211, 224, 226, 228, 239], "summary": {"covered_lines": 70, "num_statements": 76, "percent_covered": 92.10526315789474, "percent_covered_display": "92", "missing_lines": 6, "excluded_lines": 0, "percent_statements_covered": 92.10526315789474, "percent_statements_covered_display": "92"}, "missing_lines": [116, 117, 165, 185, 209, 215], "excluded_lines": [], "functions": {"SignaturePosition.bbox": {"executed_lines": [47], "summary": {"covered_lines": 1, "num_statements": 1, "percent_covered": 100.0, "percent_covered_display": "100", "missing_lines": 0, "excluded_lines": 0, "percent_statements_covered": 100.0, "percent_statements_covered_display": "100"}, "missing_lines": [], "excluded_lines": [], "start_line": 45}, "PositionFinder.__init__": {"executed_lines": [79], "summary": {"covered_lines": 1, "num_statements": 1, "percent_covered": 100.0, "percent_covered_display": "100", "missing_lines": 0, "excluded_lines": 0, "percent_statements_covered": 100.0, "percent_statements_covered_display": "100"}, "missing_lines": [], "excluded_lines": [], "start_line": 72}, "PositionFinder.find_position": {"executed_lines": [100, 103, 104, 105, 106, 107, 110, 111, 112, 113], "summary": {"covered_lines": 10, "num_statements": 12, "percent_covered": 83.33333333333333, "percent_covered_display": "83", "missing_lines": 2, "excluded_lines": 0, "percent_statements_covered": 83.33333333333333, "percent_statements_covered_display": "83"}, "missing_lines": [116, 117], "excluded_lines": [], "start_line": 81}, "PositionFinder._get_preferred_position": {"executed_lines": [131, 132, 135, 143, 145], "summary": {"covered_lines": 5, "num_statements": 5, "percent_covered": 100.0, "percent_covered_display": "100", "missing_lines": 0, "excluded_lines": 0, "percent_statements_covered": 100.0, "percent_statements_covered_display": "100"}, "missing_lines": [], "excluded_lines": [], "start_line": 119}, "PositionFinder._is_position_valid": {"executed_lines": [156, 163, 164, 167], "summary": {"covered_lines": 4, "num_statements": 5, "percent_covered": 80.0, "percent_covered_display": "80", "missing_lines": 1, "excluded_lines": 0, "percent_statements_covered": 80.0, "percent_statements_covered_display": "80"}, "missing_lines": [165], "excluded_lines": [], "start_line": 154}, "PositionFinder._find_best_position": {"executed_lines": [177, 178, 181, 182, 184, 188, 189, 192, 193, 194, 195, 197, 206, 207], "summary": {"covered_lines": 14, "num_statements": 16, "percent_covered": 87.5, "percent_covered_display": "88", "missing_lines": 2, "excluded_lines": 0, "percent_statements_covered": 87.5, "percent_statements_covered_display": "88"}, "missing_lines": [185, 209], "excluded_lines": [], "start_line": 169}, "PositionFinder._get_fallback_position": {"executed_lines": [], "summary": {"covered_lines": 0, "num_statements": 1, "percent_covered": 0.0, "percent_covered_display": "0", "missing_lines": 1, "excluded_lines": 0, "percent_statements_covered": 0.0, "percent_statements_covered_display": "0"}, "missing_lines": [215], "excluded_lines": [], "start_line": 211}, "PositionFinder.mm_to_points": {"executed_lines": [226], "summary": {"covered_lines": 1, "num_statements": 1, "percent_covered": 100.0, "percent_covered_display": "100", "missing_lines": 0, "excluded_lines": 0, "percent_statements_covered": 100.0, "percent_statements_covered_display": "100"}, "missing_lines": [], "excluded_lines": [], "start_line": 224}, "PositionFinder.get_signature_size_points": {"executed_lines": [239], "summary": {"covered_lines": 1, "num_statements": 1, "percent_covered": 100.0, "percent_covered_display": "100", "missing_lines": 0, "excluded_lines": 0, "percent_statements_covered": 100.0, "percent_statements_covered_display": "100"}, "missing_lines": [], "excluded_lines": [], "start_line": 228}, "": {"executed_lines": [10, 11, 13, 15, 22, 25, 26, 27, 28, 29, 30, 33, 34, 37, 38, 39, 40, 41, 42, 44, 45, 55, 64, 67, 70, 72, 81, 119, 154, 169, 211, 224, 228], "summary": {"covered_lines": 33, "num_statements": 33, "percent_covered": 100.0, "percent_covered_display": "100", "missing_lines": 0, "excluded_lines": 0, "percent_statements_covered": 100.0, "percent_statements_covered_display": "100"}, "missing_lines": [], "excluded_lines": [], "start_line": 1}}, "classes": {"PositionPreference": {"executed_lines": [], "summary": {"covered_lines": 0, "num_statements": 0, "percent_covered": 100.0, "percent_covered_display": "100", "missing_lines": 0, "excluded_lines": 0, "percent_statements_covered": 100.0, "percent_statements_covered_display": "100"}, "missing_lines": [], "excluded_lines": [], "start_line": 22}, "SignaturePosition": {"executed_lines": [47], "summary": {"covered_lines": 1, "num_statements": 1, "percent_covered": 100.0, "percent_covered_display": "100", "missing_lines": 0, "excluded_lines": 0, "percent_statements_covered": 100.0, "percent_statements_covered_display": "100"}, "missing_lines": [], "excluded_lines": [], "start_line": 34}, "PositionFinder": {"executed_lines": [79, 100, 103, 104, 105, 106, 107, 110, 111, 112, 113, 131, 132, 135, 143, 145, 156, 163, 164, 167, 177, 178, 181, 182, 184, 188, 189, 192, 193, 194, 195, 197, 206, 207, 226, 239], "summary": {"covered_lines": 36, "num_statements": 42, "percent_covered": 85.71428571428571, "percent_covered_display": "86", "missing_lines": 6, "excluded_lines": 0, "percent_statements_covered": 85.71428571428571, "percent_statements_covered_display": "86"}, "missing_lines": [116, 117, 165, 185, 209, 215], "excluded_lines": [], "start_line": 55}, "": {"executed_lines": [10, 11, 13, 15, 22, 25, 26, 27, 28, 29, 30, 33, 34, 37, 38, 39, 40, 41, 42, 44, 45, 55, 64, 67, 70, 72, 81, 119, 154, 169, 211, 224, 228], "summary": {"covered_lines": 33, "num_statements": 33, "percent_covered": 100.0, "percent_covered_display": "100", "missing_lines": 0, "excluded_lines": 0, "percent_statements_covered": 100.0, "percent_statements_covered_display": "100"}, "missing_lines": [], "excluded_lines": [], "start_line": 1}}}, "src/pdfsigner/core/setup/__init__.py": {"executed_lines": [10, 11, 13], "summary": {"covered_lines": 3, "num_statements": 3, "percent_covered": 100.0, "percent_covered_display": "100", "missing_lines": 0, "excluded_lines": 0, "percent_statements_covered": 100.0, "percent_statements_covered_display": "100"}, "missing_lines": [], "excluded_lines": [], "functions": {"": {"executed_lines": [10, 11, 13], "summary": {"covered_lines": 3, "num_statements": 3, "percent_covered": 100.0, "percent_covered_display": "100", "missing_lines": 0, "excluded_lines": 0, "percent_statements_covered": 100.0, "percent_statements_covered_display": "100"}, "missing_lines": [], "excluded_lines": [], "start_line": 1}}, "classes": {"": {"executed_lines": [10, 11, 13], "summary": {"covered_lines": 3, "num_statements": 3, "percent_covered": 100.0, "percent_covered_display": "100", "missing_lines": 0, "excluded_lines": 0, "percent_statements_covered": 100.0, "percent_statements_covered_display": "100"}, "missing_lines": [], "excluded_lines": [], "start_line": 1}}}, "src/pdfsigner/core/setup/nss_checker.py": {"executed_lines": [10, 11, 13, 16, 25, 28, 30, 37, 39, 46, 47, 49, 57, 58, 59, 61, 62, 63, 66, 67, 68, 69, 72, 73, 74, 75, 78, 79, 80, 81, 82, 84, 85, 87, 94, 95, 96, 97, 99, 106, 113, 115], "summary": {"covered_lines": 42, "num_statements": 42, "percent_covered": 100.0, "percent_covered_display": "100", "missing_lines": 0, "excluded_lines": 0, "percent_statements_covered": 100.0, "percent_statements_covered_display": "100"}, "missing_lines": [], "excluded_lines": [], "functions": {"NSSChecker.__init__": {"executed_lines": [37], "summary": {"covered_lines": 1, "num_statements": 1, "percent_covered": 100.0, "percent_covered_display": "100", "missing_lines": 0, "excluded_lines": 0, "percent_statements_covered": 100.0, "percent_statements_covered_display": "100"}, "missing_lines": [], "excluded_lines": [], "start_line": 30}, "NSSChecker.is_configured": {"executed_lines": [46, 47], "summary": {"covered_lines": 2, "num_statements": 2, "percent_covered": 100.0, "percent_covered_display": "100", "missing_lines": 0, "excluded_lines": 0, "percent_statements_covered": 100.0, "percent_statements_covered_display": "100"}, "missing_lines": [], "excluded_lines": [], "start_line": 39}, "NSSChecker.get_status": {"executed_lines": [57, 58, 59, 61, 62, 63, 66, 67, 68, 69, 72, 73, 74, 75, 78, 79, 80, 81, 82, 84, 85], "summary": {"covered_lines": 21, "num_statements": 21, "percent_covered": 100.0, "percent_covered_display": "100", "missing_lines": 0, "excluded_lines": 0, "percent_statements_covered": 100.0, "percent_statements_covered_display": "100"}, "missing_lines": [], "excluded_lines": [], "start_line": 49}, "NSSChecker.is_certutil_available": {"executed_lines": [94, 95, 96, 97], "summary": {"covered_lines": 4, "num_statements": 4, "percent_covered": 100.0, "percent_covered_display": "100", "missing_lines": 0, "excluded_lines": 0, "percent_statements_covered": 100.0, "percent_statements_covered_display": "100"}, "missing_lines": [], "excluded_lines": [], "start_line": 87}, "NSSChecker.get_install_instructions": {"executed_lines": [106], "summary": {"covered_lines": 1, "num_statements": 1, "percent_covered": 100.0, "percent_covered_display": "100", "missing_lines": 0, "excluded_lines": 0, "percent_statements_covered": 100.0, "percent_statements_covered_display": "100"}, "missing_lines": [], "excluded_lines": [], "start_line": 99}, "NSSChecker.get_nss_path": {"executed_lines": [115], "summary": {"covered_lines": 1, "num_statements": 1, "percent_covered": 100.0, "percent_covered_display": "100", "missing_lines": 0, "excluded_lines": 0, "percent_statements_covered": 100.0, "percent_statements_covered_display": "100"}, "missing_lines": [], "excluded_lines": [], "start_line": 113}, "": {"executed_lines": [10, 11, 13, 16, 25, 28, 30, 39, 49, 87, 99, 113], "summary": {"covered_lines": 12, "num_statements": 12, "percent_covered": 100.0, "percent_covered_display": "100", "missing_lines": 0, "excluded_lines": 0, "percent_statements_covered": 100.0, "percent_statements_covered_display": "100"}, "missing_lines": [], "excluded_lines": [], "start_line": 1}}, "classes": {"NSSChecker": {"executed_lines": [37, 46, 47, 57, 58, 59, 61, 62, 63, 66, 67, 68, 69, 72, 73, 74, 75, 78, 79, 80, 81, 82, 84, 85, 94, 95, 96, 97, 106, 115], "summary": {"covered_lines": 30, "num_statements": 30, "percent_covered": 100.0, "percent_covered_display": "100", "missing_lines": 0, "excluded_lines": 0, "percent_statements_covered": 100.0, "percent_statements_covered_display": "100"}, "missing_lines": [], "excluded_lines": [], "start_line": 16}, "": {"executed_lines": [10, 11, 13, 16, 25, 28, 30, 39, 49, 87, 99, 113], "summary": {"covered_lines": 12, "num_statements": 12, "percent_covered": 100.0, "percent_covered_display": "100", "missing_lines": 0, "excluded_lines": 0, "percent_statements_covered": 100.0, "percent_statements_covered_display": "100"}, "missing_lines": [], "excluded_lines": [], "start_line": 1}}}, "src/pdfsigner/core/setup/nss_setup.py": {"executed_lines": [10, 11, 12, 14, 16, 19, 20, 23, 24, 25, 28, 37, 39, 46, 47, 49, 59, 60, 61, 71, 72, 73, 90, 91, 92, 93, 94, 101, 102, 103, 109, 111, 113, 114, 119, 120, 121, 128, 129, 135, 142, 150, 152, 159, 166], "summary": {"covered_lines": 45, "num_statements": 51, "percent_covered": 88.23529411764706, "percent_covered_display": "88", "missing_lines": 6, "excluded_lines": 0, "percent_statements_covered": 88.23529411764706, "percent_statements_covered_display": "88"}, "missing_lines": [74, 75, 76, 81, 82, 83], "excluded_lines": [], "functions": {"NSSSetup.__init__": {"executed_lines": [46, 47], "summary": {"covered_lines": 2, "num_statements": 2, "percent_covered": 100.0, "percent_covered_display": "100", "missing_lines": 0, "excluded_lines": 0, "percent_statements_covered": 100.0, "percent_statements_covered_display": "100"}, "missing_lines": [], "excluded_lines": [], "start_line": 39}, "NSSSetup.create_database": {"executed_lines": [59, 60, 61, 71, 72, 73, 90, 91, 92, 93, 94, 101, 102, 103, 109, 111, 113, 114, 119, 120, 121, 128, 129], "summary": {"covered_lines": 23, "num_statements": 29, "percent_covered": 79.3103448275862, "percent_covered_display": "79", "missing_lines": 6, "excluded_lines": 0, "percent_statements_covered": 79.3103448275862, "percent_statements_covered_display": "79"}, "missing_lines": [74, 75, 76, 81, 82, 83], "excluded_lines": [], "start_line": 49}, "NSSSetup._run_certutil": {"executed_lines": [142, 150, 152], "summary": {"covered_lines": 3, "num_statements": 3, "percent_covered": 100.0, "percent_covered_display": "100", "missing_lines": 0, "excluded_lines": 0, "percent_statements_covered": 100.0, "percent_statements_covered_display": "100"}, "missing_lines": [], "excluded_lines": [], "start_line": 135}, "NSSSetup.verify_setup": {"executed_lines": [166], "summary": {"covered_lines": 1, "num_statements": 1, "percent_covered": 100.0, "percent_covered_display": "100", "missing_lines": 0, "excluded_lines": 0, "percent_statements_covered": 100.0, "percent_statements_covered_display": "100"}, "missing_lines": [], "excluded_lines": [], "start_line": 159}, "": {"executed_lines": [10, 11, 12, 14, 16, 19, 20, 23, 24, 25, 28, 37, 39, 49, 135, 159], "summary": {"covered_lines": 16, "num_statements": 16, "percent_covered": 100.0, "percent_covered_display": "100", "missing_lines": 0, "excluded_lines": 0, "percent_statements_covered": 100.0, "percent_statements_covered_display": "100"}, "missing_lines": [], "excluded_lines": [], "start_line": 1}}, "classes": {"SetupResult": {"executed_lines": [], "summary": {"covered_lines": 0, "num_statements": 0, "percent_covered": 100.0, "percent_covered_display": "100", "missing_lines": 0, "excluded_lines": 0, "percent_statements_covered": 100.0, "percent_statements_covered_display": "100"}, "missing_lines": [], "excluded_lines": [], "start_line": 20}, "NSSSetup": {"executed_lines": [46, 47, 59, 60, 61, 71, 72, 73, 90, 91, 92, 93, 94, 101, 102, 103, 109, 111, 113, 114, 119, 120, 121, 128, 129, 142, 150, 152, 166], "summary": {"covered_lines": 29, "num_statements": 35, "percent_covered": 82.85714285714286, "percent_covered_display": "83", "missing_lines": 6, "excluded_lines": 0, "percent_statements_covered": 82.85714285714286, "percent_statements_covered_display": "83"}, "missing_lines": [74, 75, 76, 81, 82, 83], "excluded_lines": [], "start_line": 28}, "": {"executed_lines": [10, 11, 12, 14, 16, 19, 20, 23, 24, 25, 28, 37, 39, 49, 135, 159], "summary": {"covered_lines": 16, "num_statements": 16, "percent_covered": 100.0, "percent_covered_display": "100", "missing_lines": 0, "excluded_lines": 0, "percent_statements_covered": 100.0, "percent_statements_covered_display": "100"}, "missing_lines": [], "excluded_lines": [], "start_line": 1}}}, "src/pdfsigner/core/signer/__init__.py": {"executed_lines": [7, 8, 9, 10, 12], "summary": {"covered_lines": 5, "num_statements": 5, "percent_covered": 100.0, "percent_covered_display": "100", "missing_lines": 0, "excluded_lines": 0, "percent_statements_covered": 100.0, "percent_statements_covered_display": "100"}, "missing_lines": [], "excluded_lines": [], "functions": {"": {"executed_lines": [7, 8, 9, 10, 12], "summary": {"covered_lines": 5, "num_statements": 5, "percent_covered": 100.0, "percent_covered_display": "100", "missing_lines": 0, "excluded_lines": 0, "percent_statements_covered": 100.0, "percent_statements_covered_display": "100"}, "missing_lines": [], "excluded_lines": [], "start_line": 1}}, "classes": {"": {"executed_lines": [7, 8, 9, 10, 12], "summary": {"covered_lines": 5, "num_statements": 5, "percent_covered": 100.0, "percent_covered_display": "100", "missing_lines": 0, "excluded_lines": 0, "percent_statements_covered": 100.0, "percent_statements_covered_display": "100"}, "missing_lines": [], "excluded_lines": [], "start_line": 1}}}, "src/pdfsigner/core/signer/batch_manager.py": {"executed_lines": [10, 11, 12, 13, 15, 17, 18, 19, 22, 23, 26, 27, 28, 29, 31, 32, 34, 36, 37, 39, 40, 41, 44, 45, 48, 49, 50, 51, 52, 53, 55, 56, 58, 60, 61, 63, 64, 65, 67, 69, 71, 73, 77, 80, 90, 102, 103, 104, 105, 107, 113, 115, 116, 118, 120, 122, 141, 143, 144, 151, 152, 153, 155, 156, 158, 160, 161, 162, 165, 166, 172, 175, 181, 183, 184, 186, 187, 189, 192, 193, 199, 202, 203, 208, 211, 225], "summary": {"covered_lines": 86, "num_statements": 89, "percent_covered": 96.62921348314607, "percent_covered_display": "97", "missing_lines": 3, "excluded_lines": 0, "percent_statements_covered": 96.62921348314607, "percent_statements_covered_display": "97"}, "missing_lines": [109, 110, 111], "excluded_lines": [], "functions": {"BatchProgress.pending": {"executed_lines": [34], "summary": {"covered_lines": 1, "num_statements": 1, "percent_covered": 100.0, "percent_covered_display": "100", "missing_lines": 0, "excluded_lines": 0, "percent_statements_covered": 100.0, "percent_statements_covered_display": "100"}, "missing_lines": [], "excluded_lines": [], "start_line": 32}, "BatchProgress.percentage": {"executed_lines": [39, 40, 41], "summary": {"covered_lines": 3, "num_statements": 3, "percent_covered": 100.0, "percent_covered_display": "100", "missing_lines": 0, "excluded_lines": 0, "percent_statements_covered": 100.0, "percent_statements_covered_display": "100"}, "missing_lines": [], "excluded_lines": [], "start_line": 37}, "BatchResult.all_successful": {"executed_lines": [58], "summary": {"covered_lines": 1, "num_statements": 1, "percent_covered": 100.0, "percent_covered_display": "100", "missing_lines": 0, "excluded_lines": 0, "percent_statements_covered": 100.0, "percent_statements_covered_display": "100"}, "missing_lines": [], "excluded_lines": [], "start_line": 56}, "BatchResult.duration_seconds": {"executed_lines": [63, 64, 65], "summary": {"covered_lines": 3, "num_statements": 3, "percent_covered": 100.0, "percent_covered_display": "100", "missing_lines": 0, "excluded_lines": 0, "percent_statements_covered": 100.0, "percent_statements_covered_display": "100"}, "missing_lines": [], "excluded_lines": [], "start_line": 61}, "BatchResult.get_failed_files": {"executed_lines": [69], "summary": {"covered_lines": 1, "num_statements": 1, "percent_covered": 100.0, "percent_covered_display": "100", "missing_lines": 0, "excluded_lines": 0, "percent_statements_covered": 100.0, "percent_statements_covered_display": "100"}, "missing_lines": [], "excluded_lines": [], "start_line": 67}, "BatchResult.get_successful_files": {"executed_lines": [73], "summary": {"covered_lines": 1, "num_statements": 1, "percent_covered": 100.0, "percent_covered_display": "100", "missing_lines": 0, "excluded_lines": 0, "percent_statements_covered": 100.0, "percent_statements_covered_display": "100"}, "missing_lines": [], "excluded_lines": [], "start_line": 71}, "BatchManager.__init__": {"executed_lines": [102, 103, 104, 105], "summary": {"covered_lines": 4, "num_statements": 4, "percent_covered": 100.0, "percent_covered_display": "100", "missing_lines": 0, "excluded_lines": 0, "percent_statements_covered": 100.0, "percent_statements_covered_display": "100"}, "missing_lines": [], "excluded_lines": [], "start_line": 90}, "BatchManager._get_signer": {"executed_lines": [], "summary": {"covered_lines": 0, "num_statements": 3, "percent_covered": 0.0, "percent_covered_display": "0", "missing_lines": 3, "excluded_lines": 0, "percent_statements_covered": 0.0, "percent_statements_covered_display": "0"}, "missing_lines": [109, 110, 111], "excluded_lines": [], "start_line": 107}, "BatchManager.cancel": {"executed_lines": [115, 116], "summary": {"covered_lines": 2, "num_statements": 2, "percent_covered": 100.0, "percent_covered_display": "100", "missing_lines": 0, "excluded_lines": 0, "percent_statements_covered": 100.0, "percent_statements_covered_display": "100"}, "missing_lines": [], "excluded_lines": [], "start_line": 113}, "BatchManager.reset": {"executed_lines": [120], "summary": {"covered_lines": 1, "num_statements": 1, "percent_covered": 100.0, "percent_covered_display": "100", "missing_lines": 0, "excluded_lines": 0, "percent_statements_covered": 100.0, "percent_statements_covered_display": "100"}, "missing_lines": [], "excluded_lines": [], "start_line": 118}, "BatchManager.sign_batch": {"executed_lines": [141, 143, 144, 151, 152, 153, 155, 156, 158, 160, 161, 162, 165, 166, 172, 175, 181, 183, 184, 186, 187, 189, 192, 193, 199, 202, 203, 208], "summary": {"covered_lines": 28, "num_statements": 28, "percent_covered": 100.0, "percent_covered_display": "100", "missing_lines": 0, "excluded_lines": 0, "percent_statements_covered": 100.0, "percent_statements_covered_display": "100"}, "missing_lines": [], "excluded_lines": [], "start_line": 122}, "create_batch_manager": {"executed_lines": [225], "summary": {"covered_lines": 1, "num_statements": 1, "percent_covered": 100.0, "percent_covered_display": "100", "missing_lines": 0, "excluded_lines": 0, "percent_statements_covered": 100.0, "percent_statements_covered_display": "100"}, "missing_lines": [], "excluded_lines": [], "start_line": 211}, "": {"executed_lines": [10, 11, 12, 13, 15, 17, 18, 19, 22, 23, 26, 27, 28, 29, 31, 32, 36, 37, 44, 45, 48, 49, 50, 51, 52, 53, 55, 56, 60, 61, 67, 71, 77, 80, 90, 107, 113, 118, 122, 211], "summary": {"covered_lines": 40, "num_statements": 40, "percent_covered": 100.0, "percent_covered_display": "100", "missing_lines": 0, "excluded_lines": 0, "percent_statements_covered": 100.0, "percent_statements_covered_display": "100"}, "missing_lines": [], "excluded_lines": [], "start_line": 1}}, "classes": {"BatchProgress": {"executed_lines": [34, 39, 40, 41], "summary": {"covered_lines": 4, "num_statements": 4, "percent_covered": 100.0, "percent_covered_display": "100", "missing_lines": 0, "excluded_lines": 0, "percent_statements_covered": 100.0, "percent_statements_covered_display": "100"}, "missing_lines": [], "excluded_lines": [], "start_line": 23}, "BatchResult": {"executed_lines": [58, 63, 64, 65, 69, 73], "summary": {"covered_lines": 6, "num_statements": 6, "percent_covered": 100.0, "percent_covered_display": "100", "missing_lines": 0, "excluded_lines": 0, "percent_statements_covered": 100.0, "percent_statements_covered_display": "100"}, "missing_lines": [], "excluded_lines": [], "start_line": 45}, "BatchManager": {"executed_lines": [102, 103, 104, 105, 115, 116, 120, 141, 143, 144, 151, 152, 153, 155, 156, 158, 160, 161, 162, 165, 166, 172, 175, 181, 183, 184, 186, 187, 189, 192, 193, 199, 202, 203, 208], "summary": {"covered_lines": 35, "num_statements": 38, "percent_covered": 92.10526315789474, "percent_covered_display": "92", "missing_lines": 3, "excluded_lines": 0, "percent_statements_covered": 92.10526315789474, "percent_statements_covered_display": "92"}, "missing_lines": [109, 110, 111], "excluded_lines": [], "start_line": 80}, "": {"executed_lines": [10, 11, 12, 13, 15, 17, 18, 19, 22, 23, 26, 27, 28, 29, 31, 32, 36, 37, 44, 45, 48, 49, 50, 51, 52, 53, 55, 56, 60, 61, 67, 71, 77, 80, 90, 107, 113, 118, 122, 211, 225], "summary": {"covered_lines": 41, "num_statements": 41, "percent_covered": 100.0, "percent_covered_display": "100", "missing_lines": 0, "excluded_lines": 0, "percent_statements_covered": 100.0, "percent_statements_covered_display": "100"}, "missing_lines": [], "excluded_lines": [], "start_line": 1}}}, "src/pdfsigner/core/signer/lta_handler.py": {"executed_lines": [12, 13, 15, 16, 17, 19, 20, 23, 24, 27, 28, 29, 30, 33, 41, 48, 55, 56, 58, 68, 69, 71, 73, 74, 75, 78, 79, 82, 90, 91, 93, 94, 96, 97, 98, 101, 111, 114, 115, 116, 122, 128, 130, 142, 149, 152, 153, 156, 158, 160, 161, 170, 171, 181], "summary": {"covered_lines": 54, "num_statements": 75, "percent_covered": 72.0, "percent_covered_display": "72", "missing_lines": 21, "excluded_lines": 0, "percent_statements_covered": 72.0, "percent_statements_covered_display": "72"}, "missing_lines": [49, 50, 80, 99, 112, 117, 137, 168, 178, 191, 193, 194, 195, 197, 203, 206, 207, 208, 209, 210, 212], "excluded_lines": [], "functions": {"LTAHandler.__init__": {"executed_lines": [48, 55, 56], "summary": {"covered_lines": 3, "num_statements": 5, "percent_covered": 60.0, "percent_covered_display": "60", "missing_lines": 2, "excluded_lines": 0, "percent_statements_covered": 60.0, "percent_statements_covered_display": "60"}, "missing_lines": [49, 50], "excluded_lines": [], "start_line": 41}, "LTAHandler.validate_tsa_connection": {"executed_lines": [68, 69, 71, 73, 74, 75, 78, 79, 82, 90, 91, 93, 94, 96, 97, 98], "summary": {"covered_lines": 16, "num_statements": 18, "percent_covered": 88.88888888888889, "percent_covered_display": "89", "missing_lines": 2, "excluded_lines": 0, "percent_statements_covered": 88.88888888888889, "percent_statements_covered_display": "89"}, "missing_lines": [80, 99], "excluded_lines": [], "start_line": 58}, "LTAHandler.get_timestamper": {"executed_lines": [111, 114, 115, 116, 122, 128], "summary": {"covered_lines": 6, "num_statements": 8, "percent_covered": 75.0, "percent_covered_display": "75", "missing_lines": 2, "excluded_lines": 0, "percent_statements_covered": 75.0, "percent_statements_covered_display": "75"}, "missing_lines": [112, 117], "excluded_lines": [], "start_line": 101}, "LTAHandler.get_validation_context_kwargs": {"executed_lines": [], "summary": {"covered_lines": 0, "num_statements": 1, "percent_covered": 0.0, "percent_covered_display": "0", "missing_lines": 1, "excluded_lines": 0, "percent_statements_covered": 0.0, "percent_statements_covered_display": "0"}, "missing_lines": [137], "excluded_lines": [], "start_line": 130}, "LTAHandler.get_signature_kwargs": {"executed_lines": [149, 152, 153, 156, 158], "summary": {"covered_lines": 5, "num_statements": 5, "percent_covered": 100.0, "percent_covered_display": "100", "missing_lines": 0, "excluded_lines": 0, "percent_statements_covered": 100.0, "percent_statements_covered_display": "100"}, "missing_lines": [], "excluded_lines": [], "start_line": 142}, "LTAHandler.get_ltv_profile": {"executed_lines": [], "summary": {"covered_lines": 0, "num_statements": 1, "percent_covered": 0.0, "percent_covered_display": "0", "missing_lines": 1, "excluded_lines": 0, "percent_statements_covered": 0.0, "percent_statements_covered_display": "0"}, "missing_lines": [168], "excluded_lines": [], "start_line": 161}, "LTAHandler.get_subfilter": {"executed_lines": [], "summary": {"covered_lines": 0, "num_statements": 1, "percent_covered": 0.0, "percent_covered_display": "0", "missing_lines": 1, "excluded_lines": 0, "percent_statements_covered": 0.0, "percent_statements_covered_display": "0"}, "missing_lines": [178], "excluded_lines": [], "start_line": 171}, "create_lta_handler_from_settings": {"executed_lines": [], "summary": {"covered_lines": 0, "num_statements": 12, "percent_covered": 0.0, "percent_covered_display": "0", "missing_lines": 12, "excluded_lines": 0, "percent_statements_covered": 0.0, "percent_statements_covered_display": "0"}, "missing_lines": [191, 193, 194, 195, 197, 203, 206, 207, 208, 209, 210, 212], "excluded_lines": [], "start_line": 181}, "": {"executed_lines": [12, 13, 15, 16, 17, 19, 20, 23, 24, 27, 28, 29, 30, 33, 41, 58, 101, 130, 142, 160, 161, 170, 171, 181], "summary": {"covered_lines": 24, "num_statements": 24, "percent_covered": 100.0, "percent_covered_display": "100", "missing_lines": 0, "excluded_lines": 0, "percent_statements_covered": 100.0, "percent_statements_covered_display": "100"}, "missing_lines": [], "excluded_lines": [], "start_line": 1}}, "classes": {"TSAConfig": {"executed_lines": [], "summary": {"covered_lines": 0, "num_statements": 0, "percent_covered": 100.0, "percent_covered_display": "100", "missing_lines": 0, "excluded_lines": 0, "percent_statements_covered": 100.0, "percent_statements_covered_display": "100"}, "missing_lines": [], "excluded_lines": [], "start_line": 24}, "LTAHandler": {"executed_lines": [48, 55, 56, 68, 69, 71, 73, 74, 75, 78, 79, 82, 90, 91, 93, 94, 96, 97, 98, 111, 114, 115, 116, 122, 128, 149, 152, 153, 156, 158], "summary": {"covered_lines": 30, "num_statements": 39, "percent_covered": 76.92307692307692, "percent_covered_display": "77", "missing_lines": 9, "excluded_lines": 0, "percent_statements_covered": 76.92307692307692, "percent_statements_covered_display": "77"}, "missing_lines": [49, 50, 80, 99, 112, 117, 137, 168, 178], "excluded_lines": [], "start_line": 33}, "": {"executed_lines": [12, 13, 15, 16, 17, 19, 20, 23, 24, 27, 28, 29, 30, 33, 41, 58, 101, 130, 142, 160, 161, 170, 171, 181], "summary": {"covered_lines": 24, "num_statements": 36, "percent_covered": 66.66666666666667, "percent_covered_display": "67", "missing_lines": 12, "excluded_lines": 0, "percent_statements_covered": 66.66666666666667, "percent_statements_covered_display": "67"}, "missing_lines": [191, 193, 194, 195, 197, 203, 206, 207, 208, 209, 210, 212], "excluded_lines": [], "start_line": 1}}}, "src/pdfsigner/core/signer/multi_signer.py": {"executed_lines": [10, 11, 13, 14, 16, 17, 20, 21, 24, 25, 26, 29, 39, 43, 64, 88, 113, 178], "summary": {"covered_lines": 18, "num_statements": 71, "percent_covered": 25.35211267605634, "percent_covered_display": "25", "missing_lines": 53, "excluded_lines": 0, "percent_statements_covered": 25.35211267605634, "percent_statements_covered_display": "25"}, "missing_lines": [41, 53, 55, 74, 77, 78, 79, 80, 81, 82, 83, 84, 86, 98, 99, 100, 103, 104, 108, 110, 111, 128, 130, 131, 134, 135, 137, 138, 141, 142, 143, 144, 145, 146, 148, 151, 152, 153, 155, 162, 169, 175, 188, 189, 191, 192, 194, 195, 196, 197, 199, 200, 202], "excluded_lines": [], "functions": {"MultiSignatureHandler.__init__": {"executed_lines": [], "summary": {"covered_lines": 0, "num_statements": 1, "percent_covered": 0.0, "percent_covered_display": "0", "missing_lines": 1, "excluded_lines": 0, "percent_statements_covered": 0.0, "percent_statements_covered_display": "0"}, "missing_lines": [41], "excluded_lines": [], "start_line": 39}, "MultiSignatureHandler.get_existing_signatures": {"executed_lines": [], "summary": {"covered_lines": 0, "num_statements": 2, "percent_covered": 0.0, "percent_covered_display": "0", "missing_lines": 2, "excluded_lines": 0, "percent_statements_covered": 0.0, "percent_statements_covered_display": "0"}, "missing_lines": [53, 55], "excluded_lines": [], "start_line": 43}, "MultiSignatureHandler.get_next_signature_field_name": {"executed_lines": [], "summary": {"covered_lines": 0, "num_statements": 10, "percent_covered": 0.0, "percent_covered_display": "0", "missing_lines": 10, "excluded_lines": 0, "percent_statements_covered": 0.0, "percent_statements_covered_display": "0"}, "missing_lines": [74, 77, 78, 79, 80, 81, 82, 83, 84, 86], "excluded_lines": [], "start_line": 64}, "MultiSignatureHandler.can_add_signature": {"executed_lines": [], "summary": {"covered_lines": 0, "num_statements": 8, "percent_covered": 0.0, "percent_covered_display": "0", "missing_lines": 8, "excluded_lines": 0, "percent_statements_covered": 0.0, "percent_statements_covered_display": "0"}, "missing_lines": [98, 99, 100, 103, 104, 108, 110, 111], "excluded_lines": [], "start_line": 88}, "MultiSignatureHandler.prepare_for_additional_signature": {"executed_lines": [], "summary": {"covered_lines": 0, "num_statements": 21, "percent_covered": 0.0, "percent_covered_display": "0", "missing_lines": 21, "excluded_lines": 0, "percent_statements_covered": 0.0, "percent_statements_covered_display": "0"}, "missing_lines": [128, 130, 131, 134, 135, 137, 138, 141, 142, 143, 144, 145, 146, 148, 151, 152, 153, 155, 162, 169, 175], "excluded_lines": [], "start_line": 113}, "get_signature_summary": {"executed_lines": [], "summary": {"covered_lines": 0, "num_statements": 11, "percent_covered": 0.0, "percent_covered_display": "0", "missing_lines": 11, "excluded_lines": 0, "percent_statements_covered": 0.0, "percent_statements_covered_display": "0"}, "missing_lines": [188, 189, 191, 192, 194, 195, 196, 197, 199, 200, 202], "excluded_lines": [], "start_line": 178}, "": {"executed_lines": [10, 11, 13, 14, 16, 17, 20, 21, 24, 25, 26, 29, 39, 43, 64, 88, 113, 178], "summary": {"covered_lines": 18, "num_statements": 18, "percent_covered": 100.0, "percent_covered_display": "100", "missing_lines": 0, "excluded_lines": 0, "percent_statements_covered": 100.0, "percent_statements_covered_display": "100"}, "missing_lines": [], "excluded_lines": [], "start_line": 1}}, "classes": {"ExistingSignatureInfo": {"executed_lines": [], "summary": {"covered_lines": 0, "num_statements": 0, "percent_covered": 100.0, "percent_covered_display": "100", "missing_lines": 0, "excluded_lines": 0, "percent_statements_covered": 100.0, "percent_statements_covered_display": "100"}, "missing_lines": [], "excluded_lines": [], "start_line": 21}, "MultiSignatureHandler": {"executed_lines": [], "summary": {"covered_lines": 0, "num_statements": 42, "percent_covered": 0.0, "percent_covered_display": "0", "missing_lines": 42, "excluded_lines": 0, "percent_statements_covered": 0.0, "percent_statements_covered_display": "0"}, "missing_lines": [41, 53, 55, 74, 77, 78, 79, 80, 81, 82, 83, 84, 86, 98, 99, 100, 103, 104, 108, 110, 111, 128, 130, 131, 134, 135, 137, 138, 141, 142, 143, 144, 145, 146, 148, 151, 152, 153, 155, 162, 169, 175], "excluded_lines": [], "start_line": 29}, "": {"executed_lines": [10, 11, 13, 14, 16, 17, 20, 21, 24, 25, 26, 29, 39, 43, 64, 88, 113, 178], "summary": {"covered_lines": 18, "num_statements": 29, "percent_covered": 62.06896551724138, "percent_covered_display": "62", "missing_lines": 11, "excluded_lines": 0, "percent_statements_covered": 62.06896551724138, "percent_statements_covered_display": "62"}, "missing_lines": [188, 189, 191, 192, 194, 195, 196, 197, 199, 200, 202], "excluded_lines": [], "start_line": 1}}}, "src/pdfsigner/core/signer/pdf_signer.py": {"executed_lines": [10, 11, 12, 14, 15, 16, 17, 18, 19, 21, 22, 23, 24, 25, 26, 29, 30, 33, 34, 35, 36, 37, 38, 39, 40, 43, 44, 47, 48, 49, 50, 51, 54, 62, 74, 75, 76, 78, 96, 98, 99, 100, 103, 107, 113, 115, 117, 118, 120, 122, 123, 124, 126, 136, 137, 140, 141, 144, 146, 147, 149, 150, 153, 154, 156, 159, 162, 169, 171, 190, 191, 192, 194, 196, 198, 201, 263, 264, 265, 271, 272, 273], "summary": {"covered_lines": 82, "num_statements": 114, "percent_covered": 71.9298245614035, "percent_covered_display": "72", "missing_lines": 32, "excluded_lines": 0, "percent_statements_covered": 71.9298245614035, "percent_statements_covered_display": "72"}, "missing_lines": [80, 83, 88, 94, 104, 109, 110, 111, 114, 116, 163, 164, 165, 166, 167, 204, 207, 208, 209, 212, 213, 216, 224, 225, 228, 231, 234, 241, 247, 248, 254, 256], "excluded_lines": [], "functions": {"PDFSigner.__init__": {"executed_lines": [74, 75, 76], "summary": {"covered_lines": 3, "num_statements": 3, "percent_covered": 100.0, "percent_covered_display": "100", "missing_lines": 0, "excluded_lines": 0, "percent_statements_covered": 100.0, "percent_statements_covered_display": "100"}, "missing_lines": [], "excluded_lines": [], "start_line": 62}, "PDFSigner._create_signer": {"executed_lines": [], "summary": {"covered_lines": 0, "num_statements": 4, "percent_covered": 0.0, "percent_covered_display": "0", "missing_lines": 4, "excluded_lines": 0, "percent_statements_covered": 0.0, "percent_statements_cov
[...]
, 97, 98, 101], "excluded_lines": [], "start_line": 26}, "PinDialog._on_entry_activate": {"executed_lines": [], "summary": {"covered_lines": 0, "num_statements": 2, "percent_covered": 0.0, "percent_covered_display": "0", "missing_lines": 2, "excluded_lines": 0, "percent_statements_covered": 0.0, "percent_statements_covered_display": "0"}, "missing_lines": [105, 106], "excluded_lines": [], "start_line": 103}, "PinDialog._on_entry_changed": {"executed_lines": [], "summary": {"covered_lines": 0, "num_statements": 3, "percent_covered": 0.0, "percent_covered_display": "0", "missing_lines": 3, "excluded_lines": 0, "percent_statements_covered": 0.0, "percent_statements_covered_display": "0"}, "missing_lines": [110, 111, 112], "excluded_lines": [], "start_line": 108}, "PinDialog.get_pin": {"executed_lines": [], "summary": {"covered_lines": 0, "num_statements": 1, "percent_covered": 0.0, "percent_covered_display": "0", "missing_lines": 1, "excluded_lines": 0, "percent_statements_covered": 0.0, "percent_statements_covered_display": "0"}, "missing_lines": [116], "excluded_lines": [], "start_line": 114}, "PinDialog.show_error": {"executed_lines": [], "summary": {"covered_lines": 0, "num_statements": 4, "percent_covered": 0.0, "percent_covered_display": "0", "missing_lines": 4, "excluded_lines": 0, "percent_statements_covered": 0.0, "percent_statements_covered_display": "0"}, "missing_lines": [120, 121, 122, 123], "excluded_lines": [], "start_line": 118}, "PinDialog.clear": {"executed_lines": [], "summary": {"covered_lines": 0, "num_statements": 1, "percent_covered": 0.0, "percent_covered_display": "0", "missing_lines": 1, "excluded_lines": 0, "percent_statements_covered": 0.0, "percent_statements_covered_display": "0"}, "missing_lines": [127], "excluded_lines": [], "start_line": 125}, "ask_pin": {"executed_lines": [], "summary": {"covered_lines": 0, "num_statements": 5, "percent_covered": 0.0, "percent_covered_display": "0", "missing_lines": 5, "excluded_lines": 0, "percent_statements_covered": 0.0, "percent_statements_covered_display": "0"}, "missing_lines": [146, 152, 153, 154, 156], "excluded_lines": [], "start_line": 130}, "": {"executed_lines": [], "summary": {"covered_lines": 0, "num_statements": 11, "percent_covered": 0.0, "percent_covered_display": "0", "missing_lines": 11, "excluded_lines": 0, "percent_statements_covered": 0.0, "percent_statements_covered_display": "0"}, "missing_lines": [10, 12, 13, 16, 26, 103, 108, 114, 118, 125, 130], "excluded_lines": [], "start_line": 1}}, "classes": {"PinDialog": {"executed_lines": [], "summary": {"covered_lines": 0, "num_statements": 47, "percent_covered": 0.0, "percent_covered_display": "0", "missing_lines": 47, "excluded_lines": 0, "percent_statements_covered": 0.0, "percent_statements_covered_display": "0"}, "missing_lines": [42, 48, 51, 52, 53, 56, 57, 58, 59, 60, 61, 64, 65, 66, 67, 70, 71, 72, 73, 74, 77, 80, 81, 82, 83, 84, 85, 87, 90, 91, 92, 93, 94, 97, 98, 101, 105, 106, 110, 111, 112, 116, 120, 121, 122, 123, 127], "excluded_lines": [], "start_line": 16}, "": {"executed_lines": [], "summary": {"covered_lines": 0, "num_statements": 16, "percent_covered": 0.0, "percent_covered_display": "0", "missing_lines": 16, "excluded_lines": 0, "percent_statements_covered": 0.0, "percent_statements_covered_display": "0"}, "missing_lines": [10, 12, 13, 16, 26, 103, 108, 114, 118, 125, 130, 146, 152, 153, 154, 156], "excluded_lines": [], "start_line": 1}}}, "src/pdfsigner/ui/dialogs/progress_dialog.py": {"executed_lines": [], "summary": {"covered_lines": 0, "num_statements": 101, "percent_covered": 0.0, "percent_covered_display": "0", "missing_lines": 101, "excluded_lines": 0, "percent_statements_covered": 0.0, "percent_statements_covered_display": "0"}, "missing_lines": [10, 12, 13, 15, 18, 29, 30, 31, 32, 34, 46, 52, 53, 55, 56, 59, 60, 63, 64, 65, 66, 67, 68, 71, 72, 73, 74, 77, 78, 79, 82, 83, 84, 87, 88, 89, 92, 93, 94, 95, 96, 98, 99, 101, 103, 104, 105, 106, 107, 110, 111, 112, 113, 116, 117, 118, 119, 120, 122, 124, 126, 127, 128, 130, 132, 134, 142, 143, 144, 147, 148, 151, 152, 153, 154, 155, 157, 162, 170, 171, 172, 173, 174, 175, 178, 179, 181, 183, 191, 192, 193, 195, 196, 197, 200, 201, 204, 206, 208, 209, 210], "excluded_lines": [], "functions": {"ProgressDialog.__init__": {"executed_lines": [], "summary": {"covered_lines": 0, "num_statements": 33, "percent_covered": 0.0, "percent_covered_display": "0", "missing_lines": 33, "excluded_lines": 0, "percent_statements_covered": 0.0, "percent_statements_covered_display": "0"}, "missing_lines": [46, 52, 53, 55, 56, 59, 60, 63, 64, 65, 66, 67, 68, 71, 72, 73, 74, 77, 78, 79, 82, 83, 84, 87, 88, 89, 92, 93, 94, 95, 96, 98, 99], "excluded_lines": [], "start_line": 34}, "ProgressDialog._create_file_row": {"executed_lines": [], "summary": {"covered_lines": 0, "num_statements": 15, "percent_covered": 0.0, "percent_covered_display": "0", "missing_lines": 15, "excluded_lines": 0, "percent_statements_covered": 0.0, "percent_statements_covered_display": "0"}, "missing_lines": [103, 104, 105, 106, 107, 110, 111, 112, 113, 116, 117, 118, 119, 120, 122], "excluded_lines": [], "start_line": 101}, "ProgressDialog._on_cancel_clicked": {"executed_lines": [], "summary": {"covered_lines": 0, "num_statements": 3, "percent_covered": 0.0, "percent_covered_display": "0", "missing_lines": 3, "excluded_lines": 0, "percent_statements_covered": 0.0, "percent_statements_covered_display": "0"}, "missing_lines": [126, 127, 128], "excluded_lines": [], "start_line": 124}, "ProgressDialog.is_cancelled": {"executed_lines": [], "summary": {"covered_lines": 0, "num_statements": 1, "percent_covered": 0.0, "percent_covered_display": "0", "missing_lines": 1, "excluded_lines": 0, "percent_statements_covered": 0.0, "percent_statements_covered_display": "0"}, "missing_lines": [132], "excluded_lines": [], "start_line": 130}, "ProgressDialog.update_progress": {"executed_lines": [], "summary": {"covered_lines": 0, "num_statements": 11, "percent_covered": 0.0, "percent_covered_display": "0", "missing_lines": 11, "excluded_lines": 0, "percent_statements_covered": 0.0, "percent_statements_covered_display": "0"}, "missing_lines": [142, 143, 144, 147, 148, 151, 152, 153, 154, 155, 157], "excluded_lines": [], "start_line": 134}, "ProgressDialog.mark_file_complete": {"executed_lines": [], "summary": {"covered_lines": 0, "num_statements": 9, "percent_covered": 0.0, "percent_covered_display": "0", "missing_lines": 9, "excluded_lines": 0, "percent_statements_covered": 0.0, "percent_statements_covered_display": "0"}, "missing_lines": [170, 171, 172, 173, 174, 175, 178, 179, 181], "excluded_lines": [], "start_line": 162}, "ProgressDialog.show_result": {"executed_lines": [], "summary": {"covered_lines": 0, "num_statements": 9, "percent_covered": 0.0, "percent_covered_display": "0", "missing_lines": 9, "excluded_lines": 0, "percent_statements_covered": 0.0, "percent_statements_covered_display": "0"}, "missing_lines": [191, 192, 193, 195, 196, 197, 200, 201, 204], "excluded_lines": [], "start_line": 183}, "ProgressDialog.pulse": {"executed_lines": [], "summary": {"covered_lines": 0, "num_statements": 3, "percent_covered": 0.0, "percent_covered_display": "0", "missing_lines": 3, "excluded_lines": 0, "percent_statements_covered": 0.0, "percent_statements_covered_display": "0"}, "missing_lines": [208, 209, 210], "excluded_lines": [], "start_line": 206}, "": {"executed_lines": [], "summary": {"covered_lines": 0, "num_statements": 17, "percent_covered": 0.0, "percent_covered_display": "0", "missing_lines": 17, "excluded_lines": 0, "percent_statements_covered": 0.0, "percent_statements_covered_display": "0"}, "missing_lines": [10, 12, 13, 15, 18, 29, 30, 31, 32, 34, 101, 124, 130, 134, 162, 183, 206], "excluded_lines": [], "start_line": 1}}, "classes": {"ProgressDialog": {"executed_lines": [], "summary": {"covered_lines": 0, "num_statements": 84, "percent_covered": 0.0, "percent_covered_display": "0", "missing_lines": 84, "excluded_lines": 0, "percent_statements_covered": 0.0, "percent_statements_covered_display": "0"}, "missing_lines": [46, 52, 53, 55, 56, 59, 60, 63, 64, 65, 66, 67, 68, 71, 72, 73, 74, 77, 78, 79, 82, 83, 84, 87, 88, 89, 92, 93, 94, 95, 96, 98, 99, 103, 104, 105, 106, 107, 110, 111, 112, 113, 116, 117, 118, 119, 120, 122, 126, 127, 128, 132, 142, 143, 144, 147, 148, 151, 152, 153, 154, 155, 157, 170, 171, 172, 173, 174, 175, 178, 179, 181, 191, 192, 193, 195, 196, 197, 200, 201, 204, 208, 209, 210], "excluded_lines": [], "start_line": 18}, "": {"executed_lines": [], "summary": {"covered_lines": 0, "num_statements": 17, "percent_covered": 0.0, "percent_covered_display": "0", "missing_lines": 17, "excluded_lines": 0, "percent_statements_covered": 0.0, "percent_statements_covered_display": "0"}, "missing_lines": [10, 12, 13, 15, 18, 29, 30, 31, 32, 34, 101, 124, 130, 134, 162, 183, 206], "excluded_lines": [], "start_line": 1}}}, "src/pdfsigner/ui/dialogs/validation_dialog.py": {"executed_lines": [], "summary": {"covered_lines": 0, "num_statements": 124, "percent_covered": 0.0, "percent_covered_display": "0", "missing_lines": 124, "excluded_lines": 0, "percent_statements_covered": 0.0, "percent_statements_covered_display": "0"}, "missing_lines": [10, 12, 13, 15, 21, 29, 41, 47, 49, 50, 53, 54, 55, 56, 57, 58, 60, 61, 62, 64, 65, 66, 68, 70, 72, 73, 74, 76, 77, 78, 79, 81, 83, 84, 85, 87, 88, 89, 91, 94, 96, 97, 98, 99, 101, 102, 103, 104, 106, 107, 109, 110, 111, 112, 114, 117, 118, 119, 121, 122, 123, 125, 126, 127, 129, 130, 133, 134, 135, 136, 138, 140, 142, 143, 144, 145, 146, 149, 152, 153, 154, 155, 156, 157, 159, 160, 162, 163, 166, 167, 168, 169, 170, 173, 174, 175, 176, 177, 179, 182, 183, 186, 187, 188, 189, 190, 193, 194, 195, 196, 199, 200, 202, 203, 204, 205, 206, 208, 209, 211, 214, 225, 226, 227], "excluded_lines": [], "functions": {"ValidationResultDialog.__init__": {"executed_lines": [], "summary": {"covered_lines": 0, "num_statements": 17, "percent_covered": 0.0, "percent_covered_display": "0", "missing_lines": 17, "excluded_lines": 0, "percent_statements_covered": 0.0, "percent_statements_covered_display": "0"}, "missing_lines": [41, 47, 49, 50, 53, 54, 55, 56, 57, 58, 60, 61, 62, 64, 65, 66, 68], "excluded_lines": [], "start_line": 29}, "ValidationResultDialog._show_error": {"executed_lines": [], "summary": {"covered_lines": 0, "num_statements": 7, "percent_covered": 0.0, "percent_covered_display": "0", "missing_lines": 7, "excluded_lines": 0, "percent_statements_covered": 0.0, "percent_statements_covered_display": "0"}, "missing_lines": [72, 73, 74, 76, 77, 78, 79], "excluded_lines": [], "start_line": 70}, "ValidationResultDialog._show_not_signed": {"executed_lines": [], "summary": {"covered_lines": 0, "num_statements": 6, "percent_covered": 0.0, "percent_covered_display": "0", "missing_lines": 6, "excluded_lines": 0, "percent_statements_covered": 0.0, "percent_statements_covered_display": "0"}, "missing_lines": [83, 84, 85, 87, 88, 89], "excluded_lines": [], "start_line": 81}, "ValidationResultDialog._show_signatures": {"executed_lines": [], "summary": {"covered_lines": 0, "num_statements": 31, "percent_covered": 0.0, "percent_covered_display": "0", "missing_lines": 31, "excluded_lines": 0, "percent_statements_covered": 0.0, "percent_statements_covered_display": "0"}, "missing_lines": [94, 96, 97, 98, 99, 101, 102, 103, 104, 106, 107, 109, 110, 111, 112, 114, 117, 118, 119, 121, 122, 123, 125, 126, 127, 129, 130, 133, 134, 135, 136], "excluded_lines": [], "start_line": 91}, "ValidationResultDialog._create_signature_row": {"executed_lines": [], "summary": {"covered_lines": 0, "num_statements": 49, "percent_covered": 0.0, "percent_covered_display": "0", "missing_lines": 49, "excluded_lines": 0, "percent_statements_covered": 0.0, "percent_statements_covered_display": "0"}, "missing_lines": [140, 142, 143, 144, 145, 146, 149, 152, 153, 154, 155, 156, 157, 159, 160, 162, 163, 166, 167, 168, 169, 170, 173, 174, 175, 176, 177, 179, 182, 183, 186, 187, 188, 189, 190, 193, 194, 195, 196, 199, 200, 202, 203, 204, 205, 206, 208, 209, 211], "excluded_lines": [], "start_line": 138}, "show_validation_result": {"executed_lines": [], "summary": {"covered_lines": 0, "num_statements": 3, "percent_covered": 0.0, "percent_covered_display": "0", "missing_lines": 3, "excluded_lines": 0, "percent_statements_covered": 0.0, "percent_statements_covered_display": "0"}, "missing_lines": [225, 226, 227], "excluded_lines": [], "start_line": 214}, "": {"executed_lines": [], "summary": {"covered_lines": 0, "num_statements": 11, "percent_covered": 0.0, "percent_covered_display": "0", "missing_lines": 11, "excluded_lines": 0, "percent_statements_covered": 0.0, "percent_statements_covered_display": "0"}, "missing_lines": [10, 12, 13, 15, 21, 29, 70, 81, 91, 138, 214], "excluded_lines": [], "start_line": 1}}, "classes": {"ValidationResultDialog": {"executed_lines": [], "summary": {"covered_lines": 0, "num_statements": 110, "percent_covered": 0.0, "percent_covered_display": "0", "missing_lines": 110, "excluded_lines": 0, "percent_statements_covered": 0.0, "percent_statements_covered_display": "0"}, "missing_lines": [41, 47, 49, 50, 53, 54, 55, 56, 57, 58, 60, 61, 62, 64, 65, 66, 68, 72, 73, 74, 76, 77, 78, 79, 83, 84, 85, 87, 88, 89, 94, 96, 97, 98, 99, 101, 102, 103, 104, 106, 107, 109, 110, 111, 112, 114, 117, 118, 119, 121, 122, 123, 125, 126, 127, 129, 130, 133, 134, 135, 136, 140, 142, 143, 144, 145, 146, 149, 152, 153, 154, 155, 156, 157, 159, 160, 162, 163, 166, 167, 168, 169, 170, 173, 174, 175, 176, 177, 179, 182, 183, 186, 187, 188, 189, 190, 193, 194, 195, 196, 199, 200, 202, 203, 204, 205, 206, 208, 209, 211], "excluded_lines": [], "start_line": 21}, "": {"executed_lines": [], "summary": {"covered_lines": 0, "num_statements": 14, "percent_covered": 0.0, "percent_covered_display": "0", "missing_lines": 14, "excluded_lines": 0, "percent_statements_covered": 0.0, "percent_statements_covered_display": "0"}, "missing_lines": [10, 12, 13, 15, 21, 29, 70, 81, 91, 138, 214, 225, 226, 227], "excluded_lines": [], "start_line": 1}}}, "src/pdfsigner/ui/widgets/__init__.py": {"executed_lines": [], "summary": {"covered_lines": 0, "num_statements": 2, "percent_covered": 0.0, "percent_covered_display": "0", "missing_lines": 2, "excluded_lines": 0, "percent_statements_covered": 0.0, "percent_statements_covered_display": "0"}, "missing_lines": [7, 9], "excluded_lines": [], "functions": {"": {"executed_lines": [], "summary": {"covered_lines": 0, "num_statements": 2, "percent_covered": 0.0, "percent_covered_display": "0", "missing_lines": 2, "excluded_lines": 0, "percent_statements_covered": 0.0, "percent_statements_covered_display": "0"}, "missing_lines": [7, 9], "excluded_lines": [], "start_line": 1}}, "classes": {"": {"executed_lines": [], "summary": {"covered_lines": 0, "num_statements": 2, "percent_covered": 0.0, "percent_covered_display": "0", "missing_lines": 2, "excluded_lines": 0, "percent_statements_covered": 0.0, "percent_statements_covered_display": "0"}, "missing_lines": [7, 9], "excluded_lines": [], "start_line": 1}}}, "src/pdfsigner/ui/widgets/signature_preview.py": {"executed_lines": [], "summary": {"covered_lines": 0, "num_statements": 107, "percent_covered": 0.0, "percent_covered_display": "0", "missing_lines": 107, "excluded_lines": 0, "percent_statements_covered": 0.0, "percent_statements_covered_display": "0"}, "missing_lines": [10, 12, 14, 15, 16, 17, 19, 20, 27, 35, 36, 38, 40, 42, 43, 44, 47, 48, 49, 52, 53, 54, 57, 58, 59, 62, 63, 64, 65, 68, 70, 88, 89, 92, 95, 96, 97, 98, 103, 104, 105, 106, 111, 113, 115, 116, 118, 119, 120, 123, 124, 125, 126, 129, 130, 133, 144, 145, 146, 148, 150, 151, 152, 154, 163, 164, 166, 168, 169, 170, 171, 172, 173, 176, 177, 178, 179, 182, 183, 186, 187, 190, 191, 192, 193, 196, 197, 199, 200, 201, 204, 205, 207, 208, 209, 210, 213, 214, 215, 216, 217, 219, 221, 222, 223, 224, 225], "excluded_lines": [], "functions": {"SignaturePreviewWidget.__init__": {"executed_lines": [], "summary": {"covered_lines": 0, "num_statements": 18, "percent_covered": 0.0, "percent_covered_display": "0", "missing_lines": 18, "excluded_lines": 0, "percent_statements_covered": 0.0, "percent_statements_covered_display": "0"}, "missing_lines": [40, 42, 43, 44, 47, 48, 49, 52, 53, 54, 57, 58, 59, 62, 63, 64, 65, 68], "excluded_lines": [], "start_line": 38}, "SignaturePreviewWidget.set_pdf": {"executed_lines": [], "summary": {"covered_lines": 0, "num_statements": 12, "percent_covered": 0.0, "percent_covered_display": "0", "missing_lines": 12, "excluded_lines": 0, "percent_statements_covered": 0.0, "percent_statements_covered_display": "0"}, "missing_lines": [88, 89, 92, 95, 96, 97, 98, 103, 104, 105, 106, 111], "excluded_lines": [], "start_line": 70}, "SignaturePreviewWidget._render_page": {"executed_lines": [], "summary": {"covered_lines": 0, "num_statements": 19, "percent_covered": 0.0, "percent_covered_display": "0", "missing_lines": 19, "excluded_lines": 0, "percent_statements_covered": 0.0, "percent_statements_covered_display": "0"}, "missing_lines": [115, 116, 118, 119, 120, 123, 124, 125, 126, 129, 130, 133, 144, 145, 146, 148, 150, 151, 152], "excluded_lines": [], "start_line": 113}, "SignaturePreviewWidget._on_draw": {"executed_lines": [], "summary": {"covered_lines": 0, "num_statements": 37, "percent_covered": 0.0, "percent_covered_display": "0", "missing_lines": 37, "excluded_lines": 0, "percent_statements_covered": 0.0, "percent_statements_covered_display": "0"}, "missing_lines": [163, 164, 166, 168, 169, 170, 171, 172, 173, 176, 177, 178, 179, 182, 183, 186, 187, 190, 191, 192, 193, 196, 197, 199, 200, 201, 204, 205, 207, 208, 209, 210, 213, 214, 215, 216, 217], "excluded_lines": [], "start_line": 154}, "SignaturePreviewWidget.clear": {"executed_lines": [], "summary": {"covered_lines": 0, "num_statements": 5, "percent_covered": 0.0, "percent_covered_display": "0", "missing_lines": 5, "excluded_lines": 0, "percent_statements_covered": 0.0, "percent_statements_covered_display": "0"}, "missing_lines": [221, 222, 223, 224, 225], "excluded_lines": [], "start_line": 219}, "": {"executed_lines": [], "summary": {"covered_lines": 0, "num_statements": 16, "percent_covered": 0.0, "percent_covered_display": "0", "missing_lines": 16, "excluded_lines": 0, "percent_statements_covered": 0.0, "percent_statements_covered_display": "0"}, "missing_lines": [10, 12, 14, 15, 16, 17, 19, 20, 27, 35, 36, 38, 70, 113, 154, 219], "excluded_lines": [], "start_line": 1}}, "classes": {"SignaturePreviewWidget": {"executed_lines": [], "summary": {"covered_lines": 0, "num_statements": 91, "percent_covered": 0.0, "percent_covered_display": "0", "missing_lines": 91, "excluded_lines": 0, "percent_statements_covered": 0.0, "percent_statements_covered_display": "0"}, "missing_lines": [40, 42, 43, 44, 47, 48, 49, 52, 53, 54, 57, 58, 59, 62, 63, 64, 65, 68, 88, 89, 92, 95, 96, 97, 98, 103, 104, 105, 106, 111, 115, 116, 118, 119, 120, 123, 124, 125, 126, 129, 130, 133, 144, 145, 146, 148, 150, 151, 152, 163, 164, 166, 168, 169, 170, 171, 172, 173, 176, 177, 178, 179, 182, 183, 186, 187, 190, 191, 192, 193, 196, 197, 199, 200, 201, 204, 205, 207, 208, 209, 210, 213, 214, 215, 216, 217, 221, 222, 223, 224, 225], "excluded_lines": [], "start_line": 27}, "": {"executed_lines": [], "summary": {"covered_lines": 0, "num_statements": 16, "percent_covered": 0.0, "percent_covered_display": "0", "missing_lines": 16, "excluded_lines": 0, "percent_statements_covered": 0.0, "percent_statements_covered_display": "0"}, "missing_lines": [10, 12, 14, 15, 16, 17, 19, 20, 27, 35, 36, 38, 70, 113, 154, 219], "excluded_lines": [], "start_line": 1}}}}, "totals": {"covered_lines": 1051, "num_statements": 3191, "percent_covered": 32.936383578815416, "percent_covered_display": "33", "missing_lines": 2140, "excluded_lines": 0, "percent_statements_covered": 32.936383578815416, "percent_statements_covered_display": "33"}}